TN:
SF:sidecar/core/AgentCore.ts
FN:12,isRetryable
FN:23,compressForLLM
FN:61,(anonymous_2)
FN:74,(anonymous_3)
FN:107,(anonymous_4)
FN:141,(anonymous_5)
FN:151,(anonymous_6)
FN:211,(anonymous_7)
FN:248,(anonymous_8)
FN:277,(anonymous_9)
FN:322,(anonymous_10)
FN:333,(anonymous_11)
FN:338,(anonymous_12)
FNF:13
FNH:13
FNDA:8,isRetryable
FNDA:8,compressForLLM
FNDA:24,(anonymous_2)
FNDA:42,(anonymous_3)
FNDA:42,(anonymous_4)
FNDA:42,(anonymous_5)
FNDA:46,(anonymous_6)
FNDA:48,(anonymous_7)
FNDA:41,(anonymous_8)
FNDA:8,(anonymous_9)
FNDA:44,(anonymous_10)
FNDA:1,(anonymous_11)
FNDA:5,(anonymous_12)
DA:8,1
DA:9,1
DA:10,1
DA:13,8
DA:14,8
DA:15,1
DA:17,7
DA:24,8
DA:25,8
DA:26,8
DA:27,0
DA:53,1
DA:59,24
DA:67,24
DA:68,24
DA:69,24
DA:70,24
DA:75,42
DA:77,42
DA:78,42
DA:79,42
DA:80,42
DA:81,42
DA:82,42
DA:83,42
DA:84,42
DA:85,42
DA:86,42
DA:88,42
DA:89,2
DA:90,5
DA:91,3
DA:96,42
DA:97,1
DA:99,42
DA:100,1
DA:103,42
DA:108,42
DA:109,42
DA:110,42
DA:111,42
DA:112,1
DA:116,41
DA:117,41
DA:120,41
DA:121,5
DA:125,41
DA:130,41
DA:131,41
DA:132,38
DA:133,38
DA:135,3
DA:136,3
DA:137,3
DA:142,42
DA:143,0
DA:145,42
DA:146,0
DA:148,42
DA:152,46
DA:154,46
DA:155,46
DA:157,45
DA:181,45
DA:188,46
DA:189,46
DA:193,44
DA:196,46
DA:197,46
DA:198,46
DA:199,46
DA:201,46
DA:203,43
DA:206,1
DA:208,2
DA:216,48
DA:218,48
DA:219,53
DA:220,53
DA:221,45
DA:224,53
DA:226,8
DA:227,8
DA:229,8
DA:230,3
DA:233,5
DA:236,5
DA:245,0
DA:252,41
DA:253,41
DA:255,41
DA:256,48
DA:257,45
DA:259,45
DA:260,45
DA:261,37
DA:264,8
DA:266,8
DA:274,1
DA:286,8
DA:287,0
DA:290,8
DA:291,1
DA:292,0
DA:294,1
DA:295,1
DA:296,1
DA:298,0
DA:302,7
DA:303,0
DA:306,7
DA:307,7
DA:313,7
DA:314,7
DA:316,0
DA:318,0
DA:323,44
DA:324,44
DA:325,43
DA:326,43
DA:328,0
DA:334,1
DA:339,5
LF:123
LH:112
BRDA:14,0,0,1
BRDA:14,0,1,7
BRDA:14,1,0,8
BRDA:14,1,1,7
BRDA:14,1,2,7
BRDA:17,2,0,7
BRDA:17,2,1,3
BRDA:17,2,2,0
BRDA:17,2,3,0
BRDA:17,2,4,0
BRDA:17,2,5,0
BRDA:17,2,6,0
BRDA:17,2,7,0
BRDA:26,3,0,8
BRDA:26,3,1,0
BRDA:68,4,0,24
BRDA:68,4,1,23
BRDA:69,5,0,24
BRDA:69,5,1,22
BRDA:70,6,0,24
BRDA:70,6,1,22
BRDA:88,7,0,2
BRDA:88,7,1,40
BRDA:90,8,0,3
BRDA:90,8,1,2
BRDA:96,9,0,1
BRDA:96,9,1,41
BRDA:97,10,0,1
BRDA:97,10,1,0
BRDA:99,11,0,1
BRDA:99,11,1,41
BRDA:111,12,0,1
BRDA:111,12,1,41
BRDA:120,13,0,5
BRDA:120,13,1,36
BRDA:135,14,0,3
BRDA:135,14,1,0
BRDA:142,15,0,0
BRDA:142,15,1,42
BRDA:143,16,0,0
BRDA:143,16,1,0
BRDA:145,17,0,0
BRDA:145,17,1,42
BRDA:146,18,0,0
BRDA:146,18,1,0
BRDA:155,19,0,1
BRDA:155,19,1,45
BRDA:182,20,0,1
BRDA:182,20,1,44
BRDA:183,21,0,1
BRDA:183,21,1,44
BRDA:184,22,0,1
BRDA:184,22,1,44
BRDA:193,23,0,44
BRDA:193,23,1,0
BRDA:201,24,0,43
BRDA:201,24,1,3
BRDA:201,25,0,46
BRDA:201,25,1,2
BRDA:201,25,2,1
BRDA:201,25,3,43
BRDA:201,25,4,1
BRDA:203,26,0,43
BRDA:203,26,1,0
BRDA:221,27,0,44
BRDA:221,27,1,1
BRDA:226,28,0,8
BRDA:226,28,1,0
BRDA:229,29,0,3
BRDA:229,29,1,5
BRDA:229,30,0,8
BRDA:229,30,1,7
BRDA:245,31,0,0
BRDA:245,31,1,0
BRDA:260,32,0,37
BRDA:260,32,1,8
BRDA:286,33,0,0
BRDA:286,33,1,8
BRDA:287,34,0,0
BRDA:287,34,1,0
BRDA:290,35,0,1
BRDA:290,35,1,7
BRDA:291,36,0,0
BRDA:291,36,1,1
BRDA:298,37,0,0
BRDA:298,37,1,0
BRDA:302,38,0,0
BRDA:302,38,1,7
BRDA:313,39,0,7
BRDA:313,39,1,0
BRDA:316,40,0,0
BRDA:316,40,1,0
BRDA:318,41,0,0
BRDA:318,41,1,0
BRDA:324,42,0,1
BRDA:324,42,1,43
BRDA:324,43,0,44
BRDA:324,43,1,43
BRF:98
BRH:66
end_of_record
TN:
SF:sidecar/core/AgentDispatcher.ts
FN:31,(anonymous_0)
FN:35,(anonymous_1)
FN:49,(anonymous_2)
FN:50,(anonymous_3)
FN:58,(anonymous_4)
FNF:5
FNH:0
FNDA:0,(anonymous_0)
FNDA:0,(anonymous_1)
FNDA:0,(anonymous_2)
FNDA:0,(anonymous_3)
FNDA:0,(anonymous_4)
DA:28,0
DA:32,0
DA:36,0
DA:37,0
DA:39,0
DA:47,0
DA:49,0
DA:50,0
DA:51,0
DA:52,0
DA:54,0
DA:59,0
DA:60,0
DA:61,0
DA:62,0
DA:63,0
DA:64,0
LF:17
LH:0
BRDA:36,0,0,0
BRDA:36,0,1,0
BRDA:37,1,0,0
BRDA:37,1,1,0
BRDA:43,2,0,0
BRDA:43,2,1,0
BRDA:44,3,0,0
BRDA:44,3,1,0
BRDA:59,4,0,0
BRDA:59,4,1,0
BRDA:59,5,0,0
BRDA:59,5,1,0
BRDA:61,6,0,0
BRDA:61,6,1,0
BRF:14
BRH:0
end_of_record
TN:
SF:sidecar/core/CommandExecutor.ts
FN:16,(anonymous_0)
FN:19,(anonymous_1)
FN:26,(anonymous_2)
FN:30,(anonymous_3)
FN:31,(anonymous_4)
FN:45,(anonymous_5)
FN:54,(anonymous_6)
FN:62,(anonymous_7)
FN:74,(anonymous_8)
FN:82,(anonymous_9)
FN:90,(anonymous_10)
FN:94,(anonymous_11)
FN:100,(anonymous_12)
FNF:13
FNH:11
FNDA:3,(anonymous_0)
FNDA:6,(anonymous_1)
FNDA:3,(anonymous_2)
FNDA:3,(anonymous_3)
FNDA:3,(anonymous_4)
FNDA:9,(anonymous_5)
FNDA:3,(anonymous_6)
FNDA:1,(anonymous_7)
FNDA:1,(anonymous_8)
FNDA:0,(anonymous_9)
FNDA:0,(anonymous_10)
FNDA:1,(anonymous_11)
FNDA:2,(anonymous_12)
DA:1,1
DA:12,3
DA:13,3
DA:14,3
DA:17,3
DA:18,3
DA:19,6
DA:20,3
DA:22,3
DA:23,3
DA:27,3
DA:31,3
DA:32,3
DA:33,0
DA:36,3
DA:37,3
DA:38,0
DA:39,0
DA:41,0
DA:44,3
DA:45,9
DA:46,6
DA:47,1
DA:51,2
DA:55,3
DA:56,3
DA:57,1
DA:60,2
DA:62,2
DA:63,1
DA:70,1
DA:71,1
DA:72,1
DA:74,1
DA:75,1
DA:76,1
DA:77,1
DA:78,0
DA:82,1
DA:83,0
DA:84,0
DA:85,0
DA:86,0
DA:90,1
DA:91,0
DA:94,1
DA:95,1
DA:101,2
DA:102,2
DA:104,2
DA:105,2
DA:106,2
DA:107,1
DA:109,1
LF:54
LH:44
BRDA:32,0,0,0
BRDA:32,0,1,3
BRDA:36,1,0,3
BRDA:36,1,1,0
BRDA:37,2,0,0
BRDA:37,2,1,3
BRDA:38,3,0,0
BRDA:38,3,1,0
BRDA:46,4,0,1
BRDA:46,4,1,5
BRDA:56,5,0,1
BRDA:56,5,1,2
BRDA:57,6,0,1
BRDA:57,6,1,0
BRDA:64,7,0,1
BRDA:64,7,1,0
BRDA:75,8,0,0
BRDA:75,8,1,1
BRDA:77,9,0,0
BRDA:77,9,1,1
BRDA:83,10,0,0
BRDA:83,10,1,0
BRDA:85,11,0,0
BRDA:85,11,1,0
BRDA:95,12,0,1
BRDA:95,12,1,0
BRDA:101,13,0,0
BRDA:101,13,1,2
BRDA:102,14,0,0
BRDA:102,14,1,2
BRDA:106,15,0,1
BRDA:106,15,1,1
BRDA:107,16,0,0
BRDA:107,16,1,1
BRF:34
BRH:17
end_of_record
TN:
SF:sidecar/core/ConfigStore.ts
FN:111,isRecord
FN:122,normalizeModel
FN:133,normalizeAllowlist
FN:136,(anonymous_3)
FN:140,(anonymous_4)
FN:145,(anonymous_5)
FN:148,normalizeAgentControl
FN:223,normalizeAgentRecovery
FN:237,normalizeConfig
FN:287,(anonymous_9)
FN:294,(anonymous_10)
FN:309,(anonymous_11)
FN:313,(anonymous_12)
FN:319,(anonymous_13)
FN:365,(anonymous_14)
FN:376,(anonymous_15)
FNF:16
FNH:16
FNDA:100,isRecord
FNDA:31,normalizeModel
FNDA:11,normalizeAllowlist
FNDA:18,(anonymous_3)
FNDA:45,(anonymous_4)
FNDA:18,(anonymous_5)
FNDA:10,normalizeAgentControl
FNDA:11,normalizeAgentRecovery
FNDA:10,normalizeConfig
FNDA:10,(anonymous_9)
FNDA:10,(anonymous_10)
FNDA:5,(anonymous_11)
FNDA:10,(anonymous_12)
FNDA:3,(anonymous_13)
FNDA:1,(anonymous_14)
FNDA:1,(anonymous_15)
DA:71,1
DA:112,100
DA:115,1
DA:116,1
DA:117,1
DA:118,1
DA:119,1
DA:120,1
DA:123,31
DA:124,2
DA:125,31
DA:126,31
DA:127,2
DA:128,2
DA:129,31
DA:130,31
DA:134,11
DA:135,11
DA:137,18
DA:138,18
DA:139,18
DA:140,45
DA:142,18
DA:143,18
DA:145,18
DA:149,10
DA:150,10
DA:151,10
DA:152,10
DA:156,10
DA:224,11
DA:225,11
DA:226,11
DA:229,11
DA:238,10
DA:239,10
DA:242,10
DA:248,10
DA:249,10
DA:250,10
DA:251,10
DA:252,10
DA:253,10
DA:254,10
DA:255,10
DA:258,10
DA:259,10
DA:260,10
DA:261,10
DA:262,10
DA:266,10
DA:282,10
DA:288,10
DA:289,10
DA:290,10
DA:291,10
DA:295,10
DA:296,10
DA:297,10
DA:298,3
DA:300,7
DA:301,0
DA:303,7
DA:304,7
DA:306,10
DA:310,5
DA:314,10
DA:315,10
DA:316,10
DA:320,3
DA:322,3
DA:323,3
DA:324,1
DA:325,1
DA:326,1
DA:327,1
DA:332,3
DA:361,3
DA:362,3
DA:366,1
DA:367,1
DA:369,0
DA:370,0
DA:372,0
DA:377,1
DA:378,1
LF:86
LH:82
BRDA:112,0,0,100
BRDA:112,0,1,71
BRDA:112,0,2,71
BRDA:123,1,0,29
BRDA:123,1,1,2
BRDA:124,2,0,2
BRDA:124,2,1,0
BRDA:125,3,0,2
BRDA:125,3,1,0
BRDA:126,4,0,0
BRDA:126,4,1,31
BRDA:126,5,0,31
BRDA:126,5,1,2
BRDA:127,6,0,0
BRDA:127,6,1,2
BRDA:128,7,0,0
BRDA:128,7,1,2
BRDA:129,8,0,0
BRDA:129,8,1,2
BRDA:134,9,0,0
BRDA:134,9,1,11
BRDA:137,10,0,0
BRDA:137,10,1,18
BRDA:138,11,0,18
BRDA:138,11,1,0
BRDA:139,12,0,18
BRDA:139,12,1,0
BRDA:142,13,0,0
BRDA:142,13,1,18
BRDA:149,14,0,10
BRDA:149,14,1,0
BRDA:150,15,0,10
BRDA:150,15,1,0
BRDA:152,16,0,10
BRDA:152,16,1,0
BRDA:152,17,0,10
BRDA:152,17,1,10
BRDA:157,18,0,10
BRDA:157,18,1,0
BRDA:160,19,0,10
BRDA:160,19,1,0
BRDA:160,20,0,10
BRDA:160,20,1,10
BRDA:163,21,0,10
BRDA:163,21,1,0
BRDA:166,22,0,10
BRDA:166,22,1,0
BRDA:169,23,0,10
BRDA:169,23,1,0
BRDA:172,24,0,10
BRDA:172,24,1,0
BRDA:175,25,0,10
BRDA:175,25,1,0
BRDA:178,26,0,10
BRDA:178,26,1,0
BRDA:178,27,0,10
BRDA:178,27,1,10
BRDA:181,28,0,10
BRDA:181,28,1,0
BRDA:184,29,0,10
BRDA:184,29,1,0
BRDA:187,30,0,10
BRDA:187,30,1,0
BRDA:190,31,0,10
BRDA:190,31,1,0
BRDA:193,32,0,10
BRDA:193,32,1,0
BRDA:196,33,0,10
BRDA:196,33,1,0
BRDA:196,34,0,10
BRDA:196,34,1,10
BRDA:199,35,0,10
BRDA:199,35,1,0
BRDA:202,36,0,10
BRDA:202,36,1,0
BRDA:205,37,0,10
BRDA:205,37,1,0
BRDA:205,38,0,10
BRDA:205,38,1,10
BRDA:209,39,0,10
BRDA:209,39,1,0
BRDA:212,40,0,10
BRDA:212,40,1,0
BRDA:212,41,0,10
BRDA:212,41,1,10
BRDA:217,42,0,10
BRDA:217,42,1,0
BRDA:224,43,0,11
BRDA:224,43,1,0
BRDA:226,44,0,10
BRDA:226,44,1,1
BRDA:226,45,0,11
BRDA:226,45,1,10
BRDA:231,46,0,10
BRDA:231,46,1,1
BRDA:238,47,0,10
BRDA:238,47,1,0
BRDA:239,48,0,10
BRDA:239,48,1,0
BRDA:242,49,0,0
BRDA:242,49,1,10
BRDA:244,50,0,10
BRDA:244,50,1,0
BRDA:249,51,0,10
BRDA:249,51,1,0
BRDA:253,52,0,1
BRDA:253,52,1,9
BRDA:254,53,0,0
BRDA:254,53,1,10
BRDA:255,54,0,0
BRDA:255,54,1,10
BRDA:262,55,0,10
BRDA:262,55,1,0
BRDA:270,56,0,9
BRDA:270,56,1,1
BRDA:272,57,0,1
BRDA:272,57,1,0
BRDA:287,58,0,10
BRDA:288,59,0,10
BRDA:288,59,1,0
BRDA:300,60,0,0
BRDA:300,60,1,7
BRDA:323,61,0,1
BRDA:323,61,1,2
BRDA:326,62,0,1
BRDA:326,62,1,0
BRDA:333,63,0,1
BRDA:333,63,1,2
BRDA:336,64,0,0
BRDA:336,64,1,3
BRDA:340,65,0,1
BRDA:340,65,1,2
BRDA:343,66,0,0
BRDA:343,66,1,3
BRDA:349,67,0,0
BRDA:349,67,1,0
BRDA:353,68,0,1
BRDA:353,68,1,2
BRDA:356,69,0,1
BRDA:356,69,1,2
BRDA:369,70,0,0
BRDA:369,70,1,0
BRF:142
BRH:89
end_of_record
TN:
SF:sidecar/core/DebugStore.ts
FN:39,(anonymous_0)
FN:76,(anonymous_1)
FN:100,(anonymous_2)
FN:105,(anonymous_3)
FN:113,(anonymous_4)
FN:121,(anonymous_5)
FN:125,(anonymous_6)
FNF:7
FNH:0
FNDA:0,(anonymous_0)
FNDA:0,(anonymous_1)
FNDA:0,(anonymous_2)
FNDA:0,(anonymous_3)
FNDA:0,(anonymous_4)
FNDA:0,(anonymous_5)
FNDA:0,(anonymous_6)
DA:33,0
DA:34,0
DA:35,0
DA:36,0
DA:37,0
DA:40,0
DA:62,0
DA:63,0
DA:66,0
DA:67,0
DA:70,0
DA:71,0
DA:72,0
DA:77,0
DA:85,0
DA:86,0
DA:88,0
DA:101,0
DA:102,0
DA:106,0
DA:107,0
DA:108,0
DA:110,0
DA:114,0
DA:115,0
DA:116,0
DA:118,0
DA:122,0
DA:126,0
LF:29
LH:0
BRDA:41,0,0,0
BRDA:41,0,1,0
BRDA:42,1,0,0
BRDA:42,1,1,0
BRDA:43,2,0,0
BRDA:43,2,1,0
BRDA:62,3,0,0
BRDA:62,3,1,0
BRDA:66,4,0,0
BRDA:66,4,1,0
BRDA:66,5,0,0
BRDA:66,5,1,0
BRDA:71,6,0,0
BRDA:71,6,1,0
BRDA:78,7,0,0
BRDA:78,7,1,0
BRDA:100,8,0,0
BRDA:101,9,0,0
BRDA:101,9,1,0
BRF:19
BRH:0
end_of_record
TN:
SF:sidecar/core/ModelManager.ts
FN:26,(anonymous_0)
FN:32,(anonymous_1)
FN:37,(anonymous_2)
FN:45,(anonymous_3)
FN:53,(anonymous_4)
FN:108,(anonymous_5)
FNF:6
FNH:6
FNDA:36,(anonymous_0)
FNDA:5,(anonymous_1)
FNDA:7,(anonymous_2)
FNDA:9,(anonymous_3)
FNDA:6,(anonymous_4)
FNDA:4,(anonymous_5)
DA:23,39
DA:27,36
DA:28,36
DA:33,5
DA:38,7
DA:46,9
DA:47,9
DA:49,6
DA:54,6
DA:56,6
DA:58,1
DA:66,1
DA:74,1
DA:82,1
DA:93,1
DA:103,1
DA:109,4
LF:17
LH:17
BRDA:47,0,0,3
BRDA:47,0,1,6
BRDA:54,1,0,1
BRDA:54,1,1,5
BRDA:56,2,0,1
BRDA:56,2,1,1
BRDA:56,2,2,1
BRDA:56,2,3,1
BRDA:56,2,4,1
BRDA:56,2,5,1
BRDA:61,3,0,1
BRDA:61,3,1,0
BRDA:62,4,0,0
BRDA:62,4,1,1
BRDA:69,5,0,0
BRDA:69,5,1,1
BRDA:70,6,0,0
BRDA:70,6,1,1
BRDA:77,7,0,0
BRDA:77,7,1,1
BRDA:84,8,0,0
BRDA:84,8,1,1
BRDA:86,9,0,1
BRDA:86,9,1,1
BRDA:95,10,0,0
BRDA:95,10,1,1
BRDA:97,11,0,1
BRDA:97,11,1,1
BRF:28
BRH:21
end_of_record
TN:
SF:sidecar/core/Swarm.ts
FN:22,(anonymous_0)
FN:23,(anonymous_1)
FN:26,(anonymous_2)
FN:27,(anonymous_3)
FN:30,(anonymous_4)
FN:31,(anonymous_5)
FN:34,(anonymous_6)
FN:35,(anonymous_7)
FN:38,(anonymous_8)
FN:39,(anonymous_9)
FN:42,(anonymous_10)
FN:43,(anonymous_11)
FN:46,(anonymous_12)
FN:47,(anonymous_13)
FN:50,(anonymous_14)
FN:51,(anonymous_15)
FN:54,(anonymous_16)
FN:55,(anonymous_17)
FN:97,compressForLLM
FN:106,isRetryable
FN:144,(anonymous_20)
FN:158,(anonymous_21)
FN:163,(anonymous_22)
FN:188,(anonymous_23)
FN:190,(anonymous_24)
FN:191,(anonymous_25)
FN:192,(anonymous_26)
FN:193,(anonymous_27)
FN:194,(anonymous_28)
FN:198,(anonymous_29)
FN:220,(anonymous_30)
FN:270,(anonymous_31)
FN:286,(anonymous_32)
FN:290,(anonymous_33)
FN:441,(anonymous_34)
FN:471,(anonymous_35)
FN:475,(anonymous_36)
FN:524,(anonymous_37)
FN:536,(anonymous_38)
FN:540,(anonymous_39)
FN:591,(anonymous_40)
FN:635,(anonymous_41)
FN:641,(anonymous_42)
FN:680,(anonymous_43)
FN:695,(anonymous_44)
FNF:45
FNH:27
FNDA:0,(anonymous_0)
FNDA:1,(anonymous_1)
FNDA:0,(anonymous_2)
FNDA:1,(anonymous_3)
FNDA:0,(anonymous_4)
FNDA:1,(anonymous_5)
FNDA:0,(anonymous_6)
FNDA:1,(anonymous_7)
FNDA:0,(anonymous_8)
FNDA:1,(anonymous_9)
FNDA:0,(anonymous_10)
FNDA:1,(anonymous_11)
FNDA:0,(anonymous_12)
FNDA:1,(anonymous_13)
FNDA:0,(anonymous_14)
FNDA:1,(anonymous_15)
FNDA:0,(anonymous_16)
FNDA:1,(anonymous_17)
FNDA:25,compressForLLM
FNDA:5,isRetryable
FNDA:47,(anonymous_20)
FNDA:4,(anonymous_21)
FNDA:0,(anonymous_22)
FNDA:0,(anonymous_23)
FNDA:0,(anonymous_24)
FNDA:0,(anonymous_25)
FNDA:0,(anonymous_26)
FNDA:0,(anonymous_27)
FNDA:0,(anonymous_28)
FNDA:0,(anonymous_29)
FNDA:5,(anonymous_30)
FNDA:11,(anonymous_31)
FNDA:0,(anonymous_32)
FNDA:1,(anonymous_33)
FNDA:9,(anonymous_34)
FNDA:4,(anonymous_35)
FNDA:4,(anonymous_36)
FNDA:5,(anonymous_37)
FNDA:4,(anonymous_38)
FNDA:3,(anonymous_39)
FNDA:37,(anonymous_40)
FNDA:37,(anonymous_41)
FNDA:16,(anonymous_42)
FNDA:3,(anonymous_43)
FNDA:2,(anonymous_44)
DA:19,1
DA:22,0
DA:23,1
DA:26,0
DA:27,1
DA:30,0
DA:31,1
DA:34,0
DA:35,1
DA:38,0
DA:39,1
DA:42,0
DA:43,1
DA:46,0
DA:47,1
DA:50,0
DA:51,1
DA:54,0
DA:55,1
DA:61,1
DA:68,1
DA:73,1
DA:84,1
DA:98,25
DA:99,25
DA:100,25
DA:101,1
DA:104,1
DA:107,5
DA:108,5
DA:109,1
DA:111,4
DA:127,1
DA:128,1
DA:129,1
DA:130,1
DA:131,1
DA:132,1
DA:133,1
DA:135,1
DA:142,47
DA:151,47
DA:152,47
DA:153,47
DA:154,47
DA:155,47
DA:159,4
DA:168,0
DA:169,0
DA:170,0
DA:172,0
DA:185,0
DA:189,0
DA:190,0
DA:191,0
DA:192,0
DA:193,0
DA:194,0
DA:199,0
DA:200,0
DA:201,0
DA:202,0
DA:203,0
DA:205,0
DA:206,0
DA:207,0
DA:209,0
DA:211,0
DA:216,0
DA:221,5
DA:222,5
DA:223,5
DA:224,1
DA:231,4
DA:233,5
DA:239,5
DA:244,5
DA:245,5
DA:247,4
DA:248,4
DA:249,4
DA:250,4
DA:251,4
DA:252,4
DA:259,0
DA:262,0
DA:271,11
DA:272,11
DA:275,11
DA:276,0
DA:284,11
DA:285,11
DA:286,0
DA:289,11
DA:290,1
DA:293,11
DA:301,11
DA:302,5
DA:303,5
DA:309,3
DA:311,3
DA:318,2
DA:319,2
DA:321,2
DA:331,6
DA:337,6
DA:338,6
DA:340,6
DA:345,6
DA:346,6
DA:347,6
DA:349,6
DA:350,6
DA:351,19
DA:352,19
DA:353,0
DA:354,0
DA:355,0
DA:358,19
DA:359,19
DA:361,19
DA:362,19
DA:363,3
DA:366,16
DA:368,16
DA:369,3
DA:370,3
DA:371,1
DA:372,1
DA:373,1
DA:377,1
DA:383,1
DA:384,1
DA:387,1
DA:390,13
DA:393,15
DA:396,19
DA:397,19
DA:401,19
DA:407,19
DA:410,6
DA:412,6
DA:417,6
DA:424,0
DA:425,0
DA:427,0
DA:442,9
DA:444,9
DA:445,1
DA:448,8
DA:449,1
DA:453,7
DA:454,1
DA:455,1
DA:459,6
DA:462,9
DA:463,2
DA:469,4
DA:470,9
DA:471,4
DA:474,9
DA:475,4
DA:478,9
DA:485,9
DA:486,9
DA:493,4
DA:494,4
DA:495,3
DA:497,3
DA:498,1
DA:499,1
DA:501,2
DA:502,1
DA:503,1
DA:506,1
DA:507,1
DA:510,0
DA:514,1
DA:525,5
DA:526,5
DA:527,5
DA:529,1
DA:535,4
DA:536,4
DA:539,4
DA:540,3
DA:543,4
DA:551,5
DA:552,5
DA:559,4
DA:560,4
DA:561,3
DA:562,3
DA:563,2
DA:564,2
DA:566,2
DA:568,2
DA:574,2
DA:583,0
DA:587,2
DA:588,2
DA:597,37
DA:598,37
DA:600,37
DA:601,40
DA:602,40
DA:603,35
DA:607,5
DA:608,5
DA:610,5
DA:611,2
DA:614,3
DA:616,3
DA:623,3
DA:632,0
DA:636,37
DA:637,33
DA:647,16
DA:648,0
DA:650,16
DA:651,0
DA:652,0
DA:654,0
DA:655,0
DA:656,0
DA:658,0
DA:661,16
DA:662,0
DA:664,16
DA:665,16
DA:671,16
DA:675,0
DA:681,3
DA:682,3
DA:683,1
DA:686,2
DA:687,2
DA:688,1
DA:694,1
DA:695,2
DA:698,1
DA:699,1
DA:709,1
DA:711,0
LF:244
LH:190
BRDA:100,0,0,24
BRDA:100,0,1,1
BRDA:108,1,0,1
BRDA:108,1,1,4
BRDA:108,2,0,5
BRDA:108,2,1,4
BRDA:108,2,2,4
BRDA:111,3,0,4
BRDA:111,3,1,2
BRDA:111,3,2,2
BRDA:111,3,3,2
BRDA:111,3,4,1
BRDA:111,3,5,1
BRDA:111,3,6,1
BRDA:111,3,7,1
BRDA:152,4,0,47
BRDA:152,4,1,39
BRDA:153,5,0,47
BRDA:153,5,1,41
BRDA:154,6,0,47
BRDA:154,6,1,46
BRDA:155,7,0,47
BRDA:155,7,1,34
BRDA:165,8,0,0
BRDA:179,9,0,0
BRDA:179,9,1,0
BRDA:199,10,0,0
BRDA:199,10,1,0
BRDA:200,11,0,0
BRDA:200,11,1,0
BRDA:201,12,0,0
BRDA:201,12,1,0
BRDA:205,13,0,0
BRDA:205,13,1,0
BRDA:209,14,0,0
BRDA:209,14,1,0
BRDA:221,15,0,5
BRDA:221,15,1,5
BRDA:223,16,0,1
BRDA:223,16,1,4
BRDA:231,17,0,4
BRDA:231,17,1,3
BRDA:235,18,0,1
BRDA:235,18,1,3
BRDA:248,19,0,4
BRDA:248,19,1,0
BRDA:271,20,0,11
BRDA:271,20,1,11
BRDA:272,21,0,11
BRDA:272,21,1,0
BRDA:275,22,0,0
BRDA:275,22,1,11
BRDA:295,23,0,1
BRDA:295,23,1,10
BRDA:296,24,0,0
BRDA:296,24,1,11
BRDA:301,25,0,5
BRDA:301,25,1,6
BRDA:318,26,0,2
BRDA:318,26,1,0
BRDA:351,27,0,0
BRDA:351,27,1,19
BRDA:352,28,0,0
BRDA:352,28,1,19
BRDA:354,29,0,0
BRDA:354,29,1,0
BRDA:362,30,0,3
BRDA:362,30,1,16
BRDA:368,31,0,3
BRDA:368,31,1,13
BRDA:370,32,0,1
BRDA:370,32,1,2
BRDA:384,33,0,1
BRDA:384,33,1,0
BRDA:393,34,0,13
BRDA:393,34,1,2
BRDA:395,35,0,2
BRDA:395,35,1,0
BRDA:398,36,0,13
BRDA:398,36,1,2
BRDA:407,37,0,1
BRDA:407,37,1,18
BRDA:424,38,0,0
BRDA:424,38,1,0
BRDA:442,39,0,9
BRDA:442,39,1,8
BRDA:444,40,0,1
BRDA:444,40,1,8
BRDA:448,41,0,1
BRDA:448,41,1,7
BRDA:453,42,0,1
BRDA:453,42,1,6
BRDA:459,43,0,6
BRDA:459,43,1,2
BRDA:462,44,0,2
BRDA:462,44,1,7
BRDA:464,45,0,1
BRDA:464,45,1,1
BRDA:469,46,0,4
BRDA:469,46,1,0
BRDA:471,47,0,4
BRDA:471,47,1,0
BRDA:480,48,0,9
BRDA:480,48,1,0
BRDA:482,49,0,3
BRDA:482,49,1,1
BRDA:494,50,0,3
BRDA:494,50,1,1
BRDA:497,51,0,1
BRDA:497,51,1,2
BRDA:501,52,0,1
BRDA:501,52,1,1
BRDA:515,53,0,1
BRDA:515,53,1,0
BRDA:525,54,0,5
BRDA:525,54,1,5
BRDA:527,55,0,1
BRDA:527,55,1,4
BRDA:530,56,0,1
BRDA:530,56,1,0
BRDA:536,57,0,4
BRDA:536,57,1,0
BRDA:545,58,0,4
BRDA:545,58,1,0
BRDA:546,59,0,2
BRDA:546,59,1,2
BRDA:560,60,0,3
BRDA:560,60,1,1
BRDA:562,61,0,2
BRDA:562,61,1,1
BRDA:595,62,0,37
BRDA:603,63,0,35
BRDA:603,63,1,0
BRDA:607,64,0,5
BRDA:607,64,1,0
BRDA:610,65,0,2
BRDA:610,65,1,3
BRDA:610,66,0,5
BRDA:610,66,1,3
BRDA:632,67,0,0
BRDA:632,67,1,0
BRDA:636,68,0,33
BRDA:636,68,1,4
BRDA:647,69,0,0
BRDA:647,69,1,16
BRDA:648,70,0,0
BRDA:648,70,1,0
BRDA:650,71,0,0
BRDA:650,71,1,16
BRDA:651,72,0,0
BRDA:651,72,1,0
BRDA:658,73,0,0
BRDA:658,73,1,0
BRDA:661,74,0,0
BRDA:661,74,1,16
BRDA:671,75,0,13
BRDA:671,75,1,3
BRDA:673,76,0,3
BRDA:673,76,1,0
BRDA:675,77,0,0
BRDA:675,77,1,0
BRDA:681,78,0,3
BRDA:681,78,1,3
BRDA:682,79,0,1
BRDA:682,79,1,2
BRDA:687,80,0,1
BRDA:687,80,1,1
BRDA:695,81,0,2
BRDA:695,81,1,0
BRF:169
BRH:119
end_of_record
TN:
SF:sidecar/core/ToolRegistry.ts
FN:51,(anonymous_0)
FN:126,isRecord
FN:130,safeJsonParse
FN:143,(anonymous_3)
FN:149,(anonymous_4)
FN:150,(anonymous_5)
FN:157,(anonymous_6)
FN:170,(anonymous_7)
FN:181,(anonymous_8)
FN:202,(anonymous_9)
FNF:10
FNH:8
FNDA:0,(anonymous_0)
FNDA:1,isRecord
FNDA:37,safeJsonParse
FNDA:22,(anonymous_3)
FNDA:40,(anonymous_4)
FNDA:1560,(anonymous_5)
FNDA:37,(anonymous_6)
FNDA:1,(anonymous_7)
FNDA:0,(anonymous_8)
FNDA:1,(anonymous_9)
DA:34,1
DA:52,0
DA:53,0
DA:56,0
DA:58,0
DA:127,1
DA:131,37
DA:132,37
DA:133,1
DA:134,1
DA:136,0
DA:141,22
DA:144,22
DA:145,858
DA:150,40
DA:151,1560
DA:152,1560
DA:153,1560
DA:158,37
DA:159,37
DA:161,1
DA:162,37
DA:164,1
DA:165,1
DA:166,1
DA:167,1
DA:168,0
DA:170,1
DA:171,1
DA:172,1
DA:175,0
DA:176,0
DA:177,0
DA:180,0
DA:181,37
DA:182,37
DA:183,0
DA:185,0
DA:186,0
DA:187,0
DA:188,0
DA:192,0
DA:203,1
DA:204,1
DA:205,3
DA:206,2
DA:208,1
LF:47
LH:31
BRDA:52,0,0,0
BRDA:52,0,1,0
BRDA:53,1,0,0
BRDA:53,1,1,0
BRDA:53,2,0,0
BRDA:53,2,1,0
BRDA:53,2,2,0
BRDA:127,3,0,1
BRDA:127,3,1,0
BRDA:127,3,2,0
BRDA:132,4,0,36
BRDA:132,4,1,1
BRDA:132,5,0,37
BRDA:132,5,1,1
BRDA:151,6,0,1560
BRDA:151,6,1,920
BRDA:151,7,0,1560
BRDA:151,7,1,520
BRDA:152,8,0,1440
BRDA:152,8,1,120
BRDA:159,9,0,36
BRDA:159,9,1,1
BRDA:161,10,0,1
BRDA:161,10,1,0
BRDA:162,11,0,0
BRDA:162,11,1,37
BRDA:164,12,0,1
BRDA:164,12,1,0
BRDA:165,13,0,0
BRDA:165,13,1,1
BRDA:166,14,0,1
BRDA:166,14,1,0
BRDA:167,15,0,0
BRDA:167,15,1,1
BRDA:170,16,0,1
BRDA:170,16,1,0
BRDA:171,17,0,0
BRDA:171,17,1,1
BRDA:176,18,0,0
BRDA:176,18,1,0
BRDA:180,19,0,0
BRDA:180,19,1,0
BRDA:181,20,0,37
BRDA:181,20,1,0
BRDA:181,21,0,0
BRDA:181,21,1,0
BRDA:181,21,2,0
BRDA:182,22,0,0
BRDA:182,22,1,37
BRDA:185,23,0,0
BRDA:185,23,1,0
BRDA:187,24,0,0
BRDA:187,24,1,0
BRDA:205,25,0,1
BRDA:205,25,1,2
BRDA:205,26,0,3
BRDA:205,26,1,2
BRF:57
BRH:27
end_of_record
TN:
SF:sidecar/cron/Heartbeat.ts
FN:24,(anonymous_0)
FN:38,(anonymous_1)
FN:45,(anonymous_2)
FN:53,(anonymous_3)
FN:61,(anonymous_4)
FN:67,(anonymous_5)
FN:72,(anonymous_6)
FN:77,(anonymous_7)
FN:78,(anonymous_8)
FN:82,(anonymous_9)
FN:100,(anonymous_10)
FN:103,(anonymous_11)
FN:132,(anonymous_12)
FN:136,(anonymous_13)
FNF:14
FNH:12
FNDA:11,(anonymous_0)
FNDA:11,(anonymous_1)
FNDA:0,(anonymous_2)
FNDA:12,(anonymous_3)
FNDA:1,(anonymous_4)
FNDA:1,(anonymous_5)
FNDA:4,(anonymous_6)
FNDA:1,(anonymous_7)
FNDA:2,(anonymous_8)
FNDA:10,(anonymous_9)
FNDA:10,(anonymous_10)
FNDA:3,(anonymous_11)
FNDA:0,(anonymous_12)
FNDA:10,(anonymous_13)
DA:20,11
DA:25,11
DA:26,11
DA:27,11
DA:39,11
DA:42,10
DA:45,10
DA:46,0
DA:49,10
DA:54,12
DA:55,10
DA:56,10
DA:62,1
DA:63,1
DA:68,1
DA:73,4
DA:78,2
DA:83,10
DA:84,10
DA:85,10
DA:88,10
DA:91,10
DA:101,10
DA:102,10
DA:103,3
DA:106,10
DA:124,10
DA:125,10
DA:127,0
DA:133,0
DA:137,10
DA:138,10
DA:139,10
DA:140,10
DA:141,10
DA:142,10
LF:36
LH:33
BRDA:39,0,0,1
BRDA:39,0,1,10
BRDA:54,1,0,10
BRDA:54,1,1,2
BRDA:102,2,0,2
BRDA:102,2,1,8
BRDA:140,3,0,0
BRDA:140,3,1,10
BRDA:141,4,0,0
BRDA:141,4,1,10
BRF:10
BRH:8
end_of_record
TN:
SF:sidecar/cron/Reflection.ts
FN:50,(anonymous_0)
FN:61,(anonymous_1)
FN:66,(anonymous_2)
FN:69,(anonymous_3)
FN:70,(anonymous_4)
FN:79,(anonymous_5)
FN:87,(anonymous_6)
FN:153,(anonymous_7)
FNF:8
FNH:6
FNDA:3,(anonymous_0)
FNDA:1,(anonymous_1)
FNDA:2,(anonymous_2)
FNDA:0,(anonymous_3)
FNDA:0,(anonymous_4)
FNDA:1,(anonymous_5)
FNDA:2,(anonymous_6)
FNDA:1,(anonymous_7)
DA:8,1
DA:47,3
DA:48,3
DA:55,3
DA:56,3
DA:57,3
DA:62,1
DA:67,2
DA:69,1
DA:70,0
DA:71,0
DA:75,1
DA:80,1
DA:81,1
DA:82,1
DA:88,2
DA:90,2
DA:91,2
DA:92,1
DA:93,1
DA:97,1
DA:98,1
DA:99,0
DA:100,0
DA:103,1
DA:106,1
DA:107,1
DA:109,1
DA:110,5
DA:111,3
DA:114,1
DA:116,1
DA:117,1
DA:122,1
DA:127,2
DA:128,2
DA:129,0
DA:130,0
DA:133,1
DA:136,1
DA:139,1
DA:144,1
DA:145,1
DA:147,0
DA:148,0
DA:154,1
DA:156,1
DA:157,1
DA:163,1
DA:164,0
DA:170,1
DA:171,1
DA:178,1
DA:179,1
DA:180,1
DA:182,0
DA:187,1
LF:57
LH:47
BRDA:66,0,0,2
BRDA:67,1,0,1
BRDA:67,1,1,1
BRDA:80,2,0,1
BRDA:80,2,1,0
BRDA:91,3,0,1
BRDA:91,3,1,1
BRDA:98,4,0,0
BRDA:98,4,1,1
BRDA:110,5,0,2
BRDA:110,5,1,3
BRDA:110,6,0,5
BRDA:110,6,1,4
BRDA:122,7,0,1
BRDA:122,7,1,0
BRDA:128,8,0,0
BRDA:128,8,1,2
BRDA:156,9,0,1
BRDA:156,9,1,0
BRDA:163,10,0,0
BRDA:163,10,1,1
BRDA:170,11,0,1
BRDA:170,11,1,0
BRDA:178,12,0,1
BRDA:178,12,1,0
BRDA:178,13,0,1
BRDA:178,13,1,1
BRF:27
BRH:19
end_of_record
TN:
SF:sidecar/dom/DomAutomation.ts
FN:34,(anonymous_0)
FN:38,(anonymous_1)
FN:58,(anonymous_2)
FN:59,(anonymous_3)
FN:67,(anonymous_4)
FNF:5
FNH:0
FNDA:0,(anonymous_0)
FNDA:0,(anonymous_1)
FNDA:0,(anonymous_2)
FNDA:0,(anonymous_3)
FNDA:0,(anonymous_4)
DA:31,0
DA:35,0
DA:39,0
DA:40,0
DA:41,0
DA:44,0
DA:45,0
DA:47,0
DA:56,0
DA:58,0
DA:59,0
DA:60,0
DA:61,0
DA:63,0
DA:68,0
DA:69,0
DA:70,0
DA:71,0
DA:72,0
DA:73,0
LF:20
LH:0
BRDA:39,0,0,0
BRDA:39,0,1,0
BRDA:40,1,0,0
BRDA:40,1,1,0
BRDA:44,2,0,0
BRDA:44,2,1,0
BRDA:45,3,0,0
BRDA:45,3,1,0
BRDA:68,4,0,0
BRDA:68,4,1,0
BRDA:68,5,0,0
BRDA:68,5,1,0
BRDA:70,6,0,0
BRDA:70,6,1,0
BRF:14
BRH:0
end_of_record
TN:
SF:sidecar/logging/SystemLogger.ts
FN:24,(anonymous_0)
FN:29,(anonymous_1)
FN:34,(anonymous_2)
FN:38,(anonymous_3)
FN:44,(anonymous_4)
FN:51,(anonymous_5)
FN:53,(anonymous_6)
FN:57,(anonymous_7)
FN:75,(anonymous_8)
FN:93,(anonymous_9)
FN:97,(anonymous_10)
FN:101,(anonymous_11)
FN:108,(anonymous_12)
FN:112,(anonymous_13)
FN:116,(anonymous_14)
FN:117,(anonymous_15)
FN:120,(anonymous_16)
FN:140,(anonymous_17)
FN:154,(anonymous_18)
FN:155,(anonymous_19)
FN:156,(anonymous_20)
FN:157,(anonymous_21)
FN:157,(anonymous_22)
FN:164,(anonymous_23)
FN:171,(anonymous_24)
FN:188,(anonymous_25)
FNF:26
FNH:0
FNDA:0,(anonymous_0)
FNDA:0,(anonymous_1)
FNDA:0,(anonymous_2)
FNDA:0,(anonymous_3)
FNDA:0,(anonymous_4)
FNDA:0,(anonymous_5)
FNDA:0,(anonymous_6)
FNDA:0,(anonymous_7)
FNDA:0,(anonymous_8)
FNDA:0,(anonymous_9)
FNDA:0,(anonymous_10)
FNDA:0,(anonymous_11)
FNDA:0,(anonymous_12)
FNDA:0,(anonymous_13)
FNDA:0,(anonymous_14)
FNDA:0,(anonymous_15)
FNDA:0,(anonymous_16)
FNDA:0,(anonymous_17)
FNDA:0,(anonymous_18)
FNDA:0,(anonymous_19)
FNDA:0,(anonymous_20)
FNDA:0,(anonymous_21)
FNDA:0,(anonymous_22)
FNDA:0,(anonymous_23)
FNDA:0,(anonymous_24)
FNDA:0,(anonymous_25)
DA:7,0
DA:14,0
DA:15,0
DA:16,0
DA:21,0
DA:22,0
DA:25,0
DA:26,0
DA:30,0
DA:31,0
DA:35,0
DA:39,0
DA:40,0
DA:41,0
DA:45,0
DA:46,0
DA:49,0
DA:51,0
DA:52,0
DA:53,0
DA:54,0
DA:55,0
DA:56,0
DA:57,0
DA:64,0
DA:68,0
DA:69,0
DA:70,0
DA:71,0
DA:72,0
DA:76,0
DA:77,0
DA:78,0
DA:80,0
DA:81,0
DA:82,0
DA:84,0
DA:85,0
DA:88,0
DA:89,0
DA:90,0
DA:94,0
DA:98,0
DA:102,0
DA:103,0
DA:104,0
DA:105,0
DA:109,0
DA:113,0
DA:117,0
DA:121,0
DA:122,0
DA:123,0
DA:124,0
DA:126,0
DA:127,0
DA:128,0
DA:130,0
DA:133,0
DA:134,0
DA:136,0
DA:141,0
DA:142,0
DA:143,0
DA:145,0
DA:146,0
DA:147,0
DA:148,0
DA:150,0
DA:153,0
DA:154,0
DA:155,0
DA:156,0
DA:157,0
DA:161,0
DA:165,0
DA:166,0
DA:167,0
DA:168,0
DA:172,0
DA:173,0
DA:174,0
DA:175,0
DA:176,0
DA:177,0
DA:178,0
DA:183,0
DA:185,0
DA:189,0
LF:89
LH:0
BRDA:25,0,0,0
BRDA:25,0,1,0
BRDA:26,1,0,0
BRDA:26,1,1,0
BRDA:39,2,0,0
BRDA:39,2,1,0
BRDA:39,3,0,0
BRDA:39,3,1,0
BRDA:45,4,0,0
BRDA:45,4,1,0
BRDA:56,5,0,0
BRDA:56,5,1,0
BRDA:76,6,0,0
BRDA:76,6,1,0
BRDA:77,7,0,0
BRDA:77,7,1,0
BRDA:78,8,0,0
BRDA:78,8,1,0
BRDA:84,9,0,0
BRDA:84,9,1,0
BRDA:121,10,0,0
BRDA:121,10,1,0
BRDA:122,11,0,0
BRDA:122,11,1,0
BRDA:123,12,0,0
BRDA:123,12,1,0
BRDA:126,13,0,0
BRDA:126,13,1,0
BRDA:126,14,0,0
BRDA:126,14,1,0
BRDA:141,15,0,0
BRDA:141,15,1,0
BRDA:142,16,0,0
BRDA:142,16,1,0
BRDA:156,17,0,0
BRDA:156,17,1,0
BRDA:166,18,0,0
BRDA:166,18,1,0
BRDA:173,19,0,0
BRDA:173,19,1,0
BRDA:178,20,0,0
BRDA:178,20,1,0
BRDA:179,21,0,0
BRDA:179,21,1,0
BRDA:179,21,2,0
BRF:45
BRH:0
end_of_record
TN:
SF:sidecar/mcp/McpServer.ts
FN:26,(anonymous_0)
FN:31,(anonymous_1)
FN:33,(anonymous_2)
FN:48,(anonymous_3)
FN:51,(anonymous_4)
FN:77,(anonymous_5)
FN:81,(anonymous_6)
FN:86,(anonymous_7)
FN:126,(anonymous_8)
FN:135,(anonymous_9)
FN:164,(anonymous_10)
FN:183,(anonymous_11)
FN:235,(anonymous_12)
FN:239,(anonymous_13)
FN:243,(anonymous_14)
FN:247,(anonymous_15)
FNF:16
FNH:0
FNDA:0,(anonymous_0)
FNDA:0,(anonymous_1)
FNDA:0,(anonymous_2)
FNDA:0,(anonymous_3)
FNDA:0,(anonymous_4)
FNDA:0,(anonymous_5)
FNDA:0,(anonymous_6)
FNDA:0,(anonymous_7)
FNDA:0,(anonymous_8)
FNDA:0,(anonymous_9)
FNDA:0,(anonymous_10)
FNDA:0,(anonymous_11)
FNDA:0,(anonymous_12)
FNDA:0,(anonymous_13)
FNDA:0,(anonymous_14)
FNDA:0,(anonymous_15)
DA:22,0
DA:27,0
DA:28,0
DA:32,0
DA:33,0
DA:34,0
DA:35,0
DA:36,0
DA:37,0
DA:40,0
DA:41,0
DA:42,0
DA:43,0
DA:46,0
DA:47,0
DA:48,0
DA:49,0
DA:51,0
DA:53,0
DA:54,0
DA:56,0
DA:57,0
DA:58,0
DA:61,0
DA:62,0
DA:63,0
DA:64,0
DA:65,0
DA:67,0
DA:68,0
DA:70,0
DA:73,0
DA:74,0
DA:77,0
DA:78,0
DA:81,0
DA:82,0
DA:87,0
DA:88,0
DA:89,0
DA:91,0
DA:92,0
DA:94,0
DA:103,0
DA:105,0
DA:107,0
DA:109,0
DA:114,0
DA:116,0
DA:118,0
DA:121,0
DA:122,0
DA:127,0
DA:128,0
DA:129,0
DA:135,0
DA:136,0
DA:144,0
DA:150,0
DA:156,0
DA:163,0
DA:164,0
DA:165,0
DA:173,0
DA:180,0
DA:184,0
DA:185,0
DA:186,0
DA:189,0
DA:190,0
DA:191,0
DA:193,0
DA:194,0
DA:195,0
DA:196,0
DA:198,0
DA:199,0
DA:200,0
DA:203,0
DA:204,0
DA:205,0
DA:206,0
DA:207,0
DA:209,0
DA:210,0
DA:211,0
DA:213,0
DA:214,0
DA:215,0
DA:217,0
DA:218,0
DA:219,0
DA:220,0
DA:221,0
DA:223,0
DA:224,0
DA:226,0
DA:227,0
DA:228,0
DA:232,0
DA:236,0
DA:240,0
DA:244,0
DA:248,0
LF:104
LH:0
BRDA:32,0,0,0
BRDA:32,0,1,0
BRDA:34,1,0,0
BRDA:34,1,1,0
BRDA:40,2,0,0
BRDA:40,2,1,0
BRDA:40,3,0,0
BRDA:40,3,1,0
BRDA:46,4,0,0
BRDA:46,4,1,0
BRDA:46,5,0,0
BRDA:46,5,1,0
BRDA:62,6,0,0
BRDA:62,6,1,0
BRDA:62,7,0,0
BRDA:62,7,1,0
BRDA:67,8,0,0
BRDA:67,8,1,0
BRDA:87,9,0,0
BRDA:87,9,1,0
BRDA:89,10,0,0
BRDA:89,10,1,0
BRDA:92,11,0,0
BRDA:92,11,1,0
BRDA:92,11,2,0
BRDA:92,11,3,0
BRDA:92,11,4,0
BRDA:92,11,5,0
BRDA:92,11,6,0
BRDA:92,11,7,0
BRDA:121,12,0,0
BRDA:121,12,1,0
BRDA:184,13,0,0
BRDA:184,13,1,0
BRDA:185,14,0,0
BRDA:185,14,1,0
BRDA:191,15,0,0
BRDA:191,15,1,0
BRDA:193,16,0,0
BRDA:193,16,1,0
BRDA:194,17,0,0
BRDA:194,17,1,0
BRDA:194,18,0,0
BRDA:194,18,1,0
BRDA:200,19,0,0
BRDA:200,19,1,0
BRDA:203,20,0,0
BRDA:203,20,1,0
BRDA:204,21,0,0
BRDA:204,21,1,0
BRDA:205,22,0,0
BRDA:205,22,1,0
BRDA:206,23,0,0
BRDA:206,23,1,0
BRDA:209,24,0,0
BRDA:209,24,1,0
BRDA:213,25,0,0
BRDA:213,25,1,0
BRDA:217,26,0,0
BRDA:217,26,1,0
BRDA:220,27,0,0
BRDA:220,27,1,0
BRDA:226,28,0,0
BRDA:226,28,1,0
BRF:64
BRH:0
end_of_record
TN:
SF:sidecar/memory/DailyLog.ts
FN:16,(anonymous_0)
FN:21,(anonymous_1)
FN:27,(anonymous_2)
FN:32,(anonymous_3)
FN:37,(anonymous_4)
FN:42,(anonymous_5)
FN:61,(anonymous_6)
FN:66,(anonymous_7)
FN:75,(anonymous_8)
FN:79,(anonymous_9)
FN:80,(anonymous_10)
FN:87,(anonymous_11)
FN:91,(anonymous_12)
FN:105,(anonymous_13)
FN:106,(anonymous_14)
FN:107,(anonymous_15)
FN:108,(anonymous_16)
FN:108,(anonymous_17)
FN:115,(anonymous_18)
FN:122,(anonymous_19)
FN:129,(anonymous_20)
FN:146,(anonymous_21)
FNF:22
FNH:15
FNDA:10,(anonymous_0)
FNDA:10,(anonymous_1)
FNDA:20,(anonymous_2)
FNDA:7,(anonymous_3)
FNDA:12,(anonymous_4)
FNDA:7,(anonymous_5)
FNDA:3,(anonymous_6)
FNDA:5,(anonymous_7)
FNDA:2,(anonymous_8)
FNDA:1,(anonymous_9)
FNDA:1,(anonymous_10)
FNDA:0,(anonymous_11)
FNDA:17,(anonymous_12)
FNDA:0,(anonymous_13)
FNDA:0,(anonymous_14)
FNDA:0,(anonymous_15)
FNDA:0,(anonymous_16)
FNDA:0,(anonymous_17)
FNDA:10,(anonymous_18)
FNDA:10,(anonymous_19)
FNDA:10,(anonymous_20)
FNDA:0,(anonymous_21)
DA:5,1
DA:6,1
DA:14,10
DA:17,10
DA:22,10
DA:23,10
DA:28,20
DA:33,7
DA:38,12
DA:43,7
DA:44,7
DA:45,7
DA:47,7
DA:49,7
DA:50,7
DA:53,6
DA:56,7
DA:57,7
DA:62,3
DA:67,5
DA:68,5
DA:70,1
DA:76,2
DA:77,2
DA:78,2
DA:79,1
DA:80,1
DA:83,0
DA:88,0
DA:92,17
DA:93,17
DA:94,10
DA:96,10
DA:97,10
DA:98,10
DA:99,10
DA:101,0
DA:104,10
DA:105,0
DA:106,0
DA:107,0
DA:108,0
DA:112,10
DA:116,10
DA:117,10
DA:118,10
DA:119,10
DA:123,10
DA:124,10
DA:125,10
DA:126,10
DA:130,10
DA:131,10
DA:132,10
DA:133,10
DA:134,10
DA:135,10
DA:136,10
DA:141,0
DA:143,10
DA:147,0
LF:61
LH:52
BRDA:17,0,0,10
BRDA:17,0,1,0
BRDA:92,1,0,17
BRDA:92,1,1,10
BRDA:93,2,0,7
BRDA:93,2,1,10
BRDA:107,3,0,0
BRDA:107,3,1,0
BRDA:117,4,0,0
BRDA:117,4,1,10
BRDA:131,5,0,0
BRDA:131,5,1,10
BRDA:136,6,0,0
BRDA:136,6,1,10
BRDA:137,7,0,10
BRDA:137,7,1,10
BRDA:137,7,2,10
BRF:17
BRH:11
end_of_record
TN:
SF:sidecar/memory/QmdMemory.ts
FN:24,(anonymous_0)
FN:29,(anonymous_1)
FN:40,(anonymous_2)
FN:52,(anonymous_3)
FN:57,(anonymous_4)
FN:66,(anonymous_5)
FN:71,(anonymous_6)
FN:84,(anonymous_7)
FN:90,(anonymous_8)
FN:100,(anonymous_9)
FNF:10
FNH:9
FNDA:4,(anonymous_0)
FNDA:3,(anonymous_1)
FNDA:3,(anonymous_2)
FNDA:3,(anonymous_3)
FNDA:2,(anonymous_4)
FNDA:1,(anonymous_5)
FNDA:0,(anonymous_6)
FNDA:2,(anonymous_7)
FNDA:2,(anonymous_8)
FNDA:4,(anonymous_9)
DA:5,1
DA:20,4
DA:22,4
DA:25,4
DA:30,3
DA:31,3
DA:32,3
DA:34,0
DA:35,0
DA:41,3
DA:43,3
DA:44,3
DA:45,3
DA:47,3
DA:48,3
DA:53,3
DA:55,2
DA:57,2
DA:67,1
DA:69,1
DA:70,1
DA:71,0
DA:79,1
DA:85,2
DA:86,1
DA:91,2
DA:92,1
DA:93,1
DA:101,4
DA:102,3
DA:103,3
LF:31
LH:28
BRDA:25,0,0,4
BRDA:25,0,1,0
BRDA:41,1,0,0
BRDA:41,1,1,3
BRDA:44,2,0,3
BRDA:44,2,1,2
BRDA:52,3,0,3
BRDA:53,4,0,1
BRDA:53,4,1,2
BRDA:59,5,0,2
BRDA:59,5,1,0
BRDA:66,6,0,1
BRDA:67,7,0,0
BRDA:67,7,1,1
BRDA:73,8,0,0
BRDA:73,8,1,0
BRDA:85,9,0,1
BRDA:85,9,1,1
BRDA:91,10,0,1
BRDA:91,10,1,1
BRDA:101,11,0,3
BRDA:101,11,1,1
BRF:22
BRH:16
end_of_record
TN:
SF:sidecar/memory/WorkspaceFiles.ts
FN:25,(anonymous_0)
FN:30,(anonymous_1)
FN:57,(anonymous_2)
FN:66,(anonymous_3)
FN:73,(anonymous_4)
FN:80,(anonymous_5)
FN:83,(anonymous_6)
FN:90,(anonymous_7)
FN:100,(anonymous_8)
FNF:9
FNH:9
FNDA:22,(anonymous_0)
FNDA:22,(anonymous_1)
FNDA:21,(anonymous_2)
FNDA:14,(anonymous_3)
FNDA:2,(anonymous_4)
FNDA:2,(anonymous_5)
FNDA:20,(anonymous_6)
FNDA:1,(anonymous_7)
FNDA:1,(anonymous_8)
DA:5,2
DA:7,2
DA:26,22
DA:31,22
DA:32,22
DA:33,22
DA:35,22
DA:36,176
DA:37,176
DA:38,176
DA:41,168
DA:42,168
DA:43,8
DA:44,8
DA:49,168
DA:53,22
DA:58,21
DA:59,21
DA:61,1
DA:67,14
DA:68,14
DA:69,14
DA:74,2
DA:75,2
DA:76,2
DA:81,2
DA:82,2
DA:83,20
DA:85,0
DA:91,1
DA:92,1
DA:93,1
DA:94,8
DA:96,1
DA:101,1
LF:35
LH:34
BRDA:26,0,0,22
BRDA:26,0,1,0
BRDA:42,1,0,8
BRDA:42,1,1,160
BRF:4
BRH:3
end_of_record
TN:
SF:src/main.ts
FN:21,bootstrap
FN:59,(anonymous_1)
FN:65,(anonymous_2)
FN:94,(anonymous_3)
FN:100,(anonymous_4)
FN:104,(anonymous_5)
FN:109,(anonymous_6)
FN:118,(anonymous_7)
FN:134,(anonymous_8)
FN:139,(anonymous_9)
FN:142,(anonymous_10)
FN:143,(anonymous_11)
FN:146,(anonymous_12)
FN:152,(anonymous_13)
FN:165,(anonymous_14)
FN:184,(anonymous_15)
FN:191,(anonymous_16)
FN:207,(anonymous_17)
FN:271,(anonymous_18)
FN:277,(anonymous_19)
FN:330,(anonymous_20)
FN:338,(anonymous_21)
FN:350,(anonymous_22)
FN:356,(anonymous_23)
FN:358,(anonymous_24)
FN:363,(anonymous_25)
FN:365,(anonymous_26)
FN:366,(anonymous_27)
FN:371,(anonymous_28)
FN:374,(anonymous_29)
FN:379,(anonymous_30)
FN:393,(anonymous_31)
FN:402,(anonymous_32)
FN:403,(anonymous_33)
FN:406,(anonymous_34)
FN:412,(anonymous_35)
FN:415,(anonymous_36)
FN:420,(anonymous_37)
FN:421,(anonymous_38)
FN:434,(anonymous_39)
FN:451,(anonymous_40)
FN:453,(anonymous_41)
FN:458,(anonymous_42)
FN:464,(anonymous_43)
FN:525,(anonymous_44)
FN:528,(anonymous_45)
FN:530,(anonymous_46)
FN:537,(anonymous_47)
FN:542,(anonymous_48)
FN:547,(anonymous_49)
FN:552,(anonymous_50)
FN:565,(anonymous_51)
FNF:52
FNH:11
FNDA:3,bootstrap
FNDA:3,(anonymous_1)
FNDA:2,(anonymous_2)
FNDA:0,(anonymous_3)
FNDA:1,(anonymous_4)
FNDA:0,(anonymous_5)
FNDA:1,(anonymous_6)
FNDA:0,(anonymous_7)
FNDA:0,(anonymous_8)
FNDA:1,(anonymous_9)
FNDA:1,(anonymous_10)
FNDA:0,(anonymous_11)
FNDA:0,(anonymous_12)
FNDA:0,(anonymous_13)
FNDA:0,(anonymous_14)
FNDA:1,(anonymous_15)
FNDA:0,(anonymous_16)
FNDA:0,(anonymous_17)
FNDA:0,(anonymous_18)
FNDA:0,(anonymous_19)
FNDA:0,(anonymous_20)
FNDA:0,(anonymous_21)
FNDA:0,(anonymous_22)
FNDA:0,(anonymous_23)
FNDA:0,(anonymous_24)
FNDA:0,(anonymous_25)
FNDA:0,(anonymous_26)
FNDA:0,(anonymous_27)
FNDA:0,(anonymous_28)
FNDA:0,(anonymous_29)
FNDA:0,(anonymous_30)
FNDA:0,(anonymous_31)
FNDA:0,(anonymous_32)
FNDA:0,(anonymous_33)
FNDA:0,(anonymous_34)
FNDA:0,(anonymous_35)
FNDA:0,(anonymous_36)
FNDA:3,(anonymous_37)
FNDA:0,(anonymous_38)
FNDA:0,(anonymous_39)
FNDA:1,(anonymous_40)
FNDA:0,(anonymous_41)
FNDA:0,(anonymous_42)
FNDA:0,(anonymous_43)
FNDA:0,(anonymous_44)
FNDA:0,(anonymous_45)
FNDA:0,(anonymous_46)
FNDA:0,(anonymous_47)
FNDA:0,(anonymous_48)
FNDA:1,(anonymous_49)
FNDA:0,(anonymous_50)
FNDA:0,(anonymous_51)
DA:22,3
DA:23,3
DA:25,3
DA:26,3
DA:27,3
DA:28,3
DA:29,3
DA:30,3
DA:32,3
DA:33,0
DA:36,3
DA:39,3
DA:42,3
DA:43,3
DA:44,3
DA:46,0
DA:49,3
DA:50,3
DA:51,3
DA:52,3
DA:53,3
DA:54,3
DA:55,3
DA:56,3
DA:57,3
DA:58,3
DA:59,3
DA:60,3
DA:61,0
DA:65,3
DA:68,2
DA:69,2
DA:70,2
DA:71,6
DA:72,6
DA:74,2
DA:75,2
DA:77,0
DA:79,2
DA:80,0
DA:81,0
DA:83,2
DA:92,2
DA:93,0
DA:94,0
DA:96,0
DA:100,3
DA:101,1
DA:102,1
DA:103,1
DA:104,1
DA:105,0
DA:109,3
DA:110,1
DA:111,1
DA:112,1
DA:113,0
DA:114,0
DA:115,0
DA:117,1
DA:118,1
DA:119,1
DA:122,1
DA:123,1
DA:125,1
DA:126,0
DA:128,1
DA:130,1
DA:133,3
DA:134,0
DA:135,0
DA:139,3
DA:142,1
DA:143,1
DA:144,0
DA:146,1
DA:147,0
DA:152,3
DA:153,0
DA:154,0
DA:155,0
DA:156,0
DA:158,0
DA:159,0
DA:160,0
DA:161,0
DA:164,0
DA:165,0
DA:166,0
DA:169,0
DA:170,0
DA:172,0
DA:173,0
DA:175,0
DA:178,0
DA:180,0
DA:184,3
DA:185,1
DA:186,0
DA:188,1
DA:189,1
DA:190,1
DA:191,1
DA:192,0
DA:195,1
DA:196,1
DA:197,1
DA:198,1
DA:199,1
DA:200,1
DA:202,0
DA:206,1
DA:207,1
DA:208,0
DA:209,0
DA:210,0
DA:211,0
DA:212,0
DA:213,0
DA:221,0
DA:229,0
DA:232,0
DA:233,0
DA:234,0
DA:236,0
DA:238,0
DA:239,0
DA:240,0
DA:241,0
DA:242,0
DA:243,0
DA:244,0
DA:248,0
DA:251,0
DA:252,0
DA:253,0
DA:254,0
DA:264,0
DA:265,0
DA:268,1
DA:271,3
DA:272,0
DA:275,0
DA:276,0
DA:277,0
DA:278,0
DA:289,3
DA:291,3
DA:292,3
DA:294,0
DA:296,3
DA:297,3
DA:298,3
DA:301,3
DA:302,1
DA:303,2
DA:304,2
DA:305,1
DA:306,1
DA:307,1
DA:308,1
DA:309,1
DA:310,1
DA:312,0
DA:315,0
DA:316,0
DA:318,1
DA:319,1
DA:320,1
DA:322,1
DA:323,1
DA:324,1
DA:326,0
DA:328,1
DA:329,1
DA:330,1
DA:331,0
DA:336,3
DA:337,3
DA:338,3
DA:342,3
DA:343,3
DA:344,3
DA:345,3
DA:346,3
DA:347,3
DA:349,3
DA:350,3
DA:351,0
DA:352,0
DA:353,0
DA:354,0
DA:355,0
DA:356,0
DA:357,0
DA:359,0
DA:363,3
DA:364,0
DA:365,0
DA:366,0
DA:371,3
DA:372,0
DA:373,0
DA:374,0
DA:375,0
DA:379,3
DA:380,0
DA:381,0
DA:382,0
DA:384,0
DA:385,0
DA:386,0
DA:388,0
DA:389,0
DA:390,0
DA:391,0
DA:393,0
DA:394,0
DA:399,3
DA:401,3
DA:403,0
DA:404,0
DA:407,0
DA:408,0
DA:411,3
DA:412,0
DA:414,3
DA:415,0
DA:416,0
DA:420,3
DA:421,3
DA:422,0
DA:424,0
DA:425,0
DA:427,0
DA:429,0
DA:430,0
DA:431,0
DA:432,0
DA:434,0
DA:435,0
DA:437,0
DA:440,0
DA:441,0
DA:442,0
DA:447,3
DA:450,3
DA:451,3
DA:453,1
DA:454,0
DA:458,3
DA:459,0
DA:460,0
DA:461,0
DA:464,3
DA:465,0
DA:466,0
DA:470,0
DA:471,0
DA:473,0
DA:474,0
DA:475,0
DA:476,0
DA:477,0
DA:478,0
DA:481,0
DA:482,0
DA:483,0
DA:485,0
DA:486,0
DA:488,0
DA:489,0
DA:490,0
DA:491,0
DA:494,0
DA:495,0
DA:496,0
DA:498,0
DA:499,0
DA:500,0
DA:503,0
DA:504,0
DA:505,0
DA:507,0
DA:508,0
DA:519,0
DA:524,3
DA:525,3
DA:526,0
DA:527,0
DA:528,0
DA:529,0
DA:530,0
DA:531,0
DA:536,3
DA:537,0
DA:538,0
DA:539,0
DA:540,0
DA:542,0
DA:543,0
DA:547,3
DA:548,1
DA:549,0
DA:550,0
DA:552,1
DA:553,0
DA:558,3
DA:559,1
DA:562,3
DA:565,3
DA:566,0
LF:312
LH:137
BRDA:32,0,0,0
BRDA:32,0,1,3
BRDA:32,1,0,3
BRDA:32,1,1,3
BRDA:32,1,2,3
BRDA:36,2,0,3
BRDA:36,2,1,0
BRDA:36,2,2,0
BRDA:60,3,0,0
BRDA:60,3,1,3
BRDA:72,4,0,4
BRDA:72,4,1,2
BRDA:79,5,0,0
BRDA:79,5,1,2
BRDA:79,6,0,2
BRDA:79,6,1,2
BRDA:92,7,0,0
BRDA:92,7,1,2
BRDA:102,8,0,1
BRDA:102,8,1,1
BRDA:102,8,2,1
BRDA:112,9,0,0
BRDA:112,9,1,1
BRDA:119,10,0,0
BRDA:119,10,1,1
BRDA:119,11,0,1
BRDA:119,11,1,0
BRDA:123,12,0,0
BRDA:123,12,1,1
BRDA:123,13,0,1
BRDA:123,13,1,0
BRDA:125,14,0,0
BRDA:125,14,1,1
BRDA:133,15,0,0
BRDA:133,15,1,3
BRDA:154,16,0,0
BRDA:154,16,1,0
BRDA:155,17,0,0
BRDA:155,17,1,0
BRDA:166,18,0,0
BRDA:166,18,1,0
BRDA:166,19,0,0
BRDA:166,19,1,0
BRDA:170,20,0,0
BRDA:170,20,1,0
BRDA:170,21,0,0
BRDA:170,21,1,0
BRDA:172,22,0,0
BRDA:172,22,1,0
BRDA:185,23,0,0
BRDA:185,23,1,1
BRDA:197,24,0,1
BRDA:197,24,1,0
BRDA:197,25,0,1
BRDA:197,25,1,1
BRDA:200,26,0,1
BRDA:200,26,1,1
BRDA:212,27,0,0
BRDA:212,27,1,0
BRDA:229,28,0,0
BRDA:229,28,1,0
BRDA:233,29,0,0
BRDA:233,29,1,0
BRDA:240,30,0,0
BRDA:240,30,1,0
BRDA:243,31,0,0
BRDA:243,31,1,0
BRDA:253,32,0,0
BRDA:253,32,1,0
BRDA:257,33,0,0
BRDA:257,33,1,0
BRDA:275,34,0,0
BRDA:275,34,1,0
BRDA:296,35,0,3
BRDA:296,35,1,0
BRDA:301,36,0,1
BRDA:301,36,1,2
BRDA:301,37,0,3
BRDA:301,37,1,3
BRDA:303,38,0,2
BRDA:303,38,1,0
BRDA:304,39,0,1
BRDA:304,39,1,1
BRDA:307,40,0,1
BRDA:307,40,1,0
BRDA:336,41,0,3
BRDA:336,41,1,0
BRDA:351,42,0,0
BRDA:351,42,1,0
BRDA:352,43,0,0
BRDA:352,43,1,0
BRDA:353,44,0,0
BRDA:353,44,1,0
BRDA:353,45,0,0
BRDA:353,45,1,0
BRDA:354,46,0,0
BRDA:354,46,1,0
BRDA:366,47,0,0
BRDA:366,47,1,0
BRDA:373,48,0,0
BRDA:373,48,1,0
BRDA:380,49,0,0
BRDA:380,49,1,0
BRDA:384,50,0,0
BRDA:384,50,1,0
BRDA:388,51,0,0
BRDA:388,51,1,0
BRDA:389,52,0,0
BRDA:389,52,1,0
BRDA:394,53,0,0
BRDA:394,53,1,0
BRDA:401,54,0,0
BRDA:401,54,1,3
BRDA:401,55,0,3
BRDA:401,55,1,0
BRDA:414,56,0,0
BRDA:414,56,1,3
BRDA:422,57,0,0
BRDA:422,57,1,0
BRDA:422,58,0,0
BRDA:422,58,1,0
BRDA:425,59,0,0
BRDA:425,59,1,0
BRDA:427,60,0,0
BRDA:427,60,1,0
BRDA:427,61,0,0
BRDA:427,61,1,0
BRDA:429,62,0,0
BRDA:429,62,1,0
BRDA:429,63,0,0
BRDA:429,63,1,0
BRDA:431,64,0,0
BRDA:431,64,1,0
BRDA:431,65,0,0
BRDA:431,65,1,0
BRDA:440,66,0,0
BRDA:440,66,1,0
BRDA:440,67,0,0
BRDA:440,67,1,0
BRDA:461,68,0,0
BRDA:461,68,1,0
BRDA:465,69,0,0
BRDA:465,69,1,0
BRDA:465,70,0,0
BRDA:465,70,1,0
BRDA:465,70,2,0
BRDA:470,71,0,0
BRDA:470,71,1,0
BRDA:476,72,0,0
BRDA:476,72,1,0
BRDA:490,73,0,0
BRDA:490,73,1,0
BRDA:490,74,0,0
BRDA:490,74,1,0
BRDA:495,75,0,0
BRDA:495,75,1,0
BRDA:498,76,0,0
BRDA:498,76,1,0
BRDA:507,77,0,0
BRDA:507,77,1,0
BRDA:526,78,0,0
BRDA:526,78,1,0
BRDA:536,79,0,0
BRDA:536,79,1,3
BRDA:536,80,0,3
BRDA:536,80,1,0
BRDA:536,80,2,0
BRDA:548,81,0,0
BRDA:548,81,1,1
BRDA:558,82,0,1
BRDA:558,82,1,2
BRDA:558,83,0,3
BRDA:558,83,1,2
BRDA:558,83,2,1
BRF:174
BRH:49
end_of_record
TN:
SF:src/agent/AgentCapabilityRouter.ts
FN:21,(anonymous_0)
FN:27,(anonymous_1)
FN:30,(anonymous_2)
FN:32,(anonymous_3)
FN:38,(anonymous_4)
FN:57,(anonymous_5)
FN:91,(anonymous_6)
FN:106,(anonymous_7)
FN:144,(anonymous_8)
FN:168,(anonymous_9)
FN:197,(anonymous_10)
FN:205,(anonymous_11)
FNF:12
FNH:2
FNDA:3,(anonymous_0)
FNDA:3,(anonymous_1)
FNDA:0,(anonymous_2)
FNDA:0,(anonymous_3)
FNDA:0,(anonymous_4)
FNDA:0,(anonymous_5)
FNDA:0,(anonymous_6)
FNDA:0,(anonymous_7)
FNDA:0,(anonymous_8)
FNDA:0,(anonymous_9)
FNDA:0,(anonymous_10)
FNDA:0,(anonymous_11)
DA:16,3
DA:17,3
DA:18,3
DA:19,3
DA:22,3
DA:23,3
DA:24,3
DA:28,3
DA:29,3
DA:30,3
DA:31,0
DA:32,0
DA:33,0
DA:39,0
DA:40,0
DA:41,0
DA:43,0
DA:44,0
DA:45,0
DA:46,0
DA:48,0
DA:50,0
DA:52,0
DA:54,0
DA:58,0
DA:60,0
DA:61,0
DA:62,0
DA:67,0
DA:70,0
DA:71,0
DA:76,0
DA:80,0
DA:81,0
DA:82,0
DA:84,0
DA:85,0
DA:88,0
DA:92,0
DA:94,0
DA:96,0
DA:98,0
DA:100,0
DA:102,0
DA:107,0
DA:109,0
DA:110,0
DA:111,0
DA:114,0
DA:115,0
DA:116,0
DA:119,0
DA:120,0
DA:121,0
DA:124,0
DA:125,0
DA:126,0
DA:127,0
DA:128,0
DA:130,0
DA:131,0
DA:134,0
DA:137,0
DA:140,0
DA:145,0
DA:147,0
DA:148,0
DA:151,0
DA:152,0
DA:155,0
DA:156,0
DA:157,0
DA:158,0
DA:160,0
DA:161,0
DA:164,0
DA:169,0
DA:170,0
DA:172,0
DA:173,0
DA:176,0
DA:177,0
DA:178,0
DA:181,0
DA:193,0
DA:194,0
DA:198,0
DA:199,0
DA:200,0
DA:202,0
DA:206,0
DA:207,0
DA:209,0
LF:93
LH:10
BRDA:21,0,0,3
BRDA:28,1,0,0
BRDA:28,1,1,3
BRDA:31,2,0,0
BRDA:31,2,1,0
BRDA:40,3,0,0
BRDA:40,3,1,0
BRDA:45,4,0,0
BRDA:45,4,1,0
BRDA:58,5,0,0
BRDA:58,5,1,0
BRDA:58,6,0,0
BRDA:58,6,1,0
BRDA:61,7,0,0
BRDA:61,7,1,0
BRDA:61,8,0,0
BRDA:61,8,1,0
BRDA:70,9,0,0
BRDA:70,9,1,0
BRDA:70,10,0,0
BRDA:70,10,1,0
BRDA:84,11,0,0
BRDA:84,11,1,0
BRDA:92,12,0,0
BRDA:92,12,1,0
BRDA:94,13,0,0
BRDA:94,13,1,0
BRDA:94,13,2,0
BRDA:94,13,3,0
BRDA:107,14,0,0
BRDA:107,14,1,0
BRDA:107,14,2,0
BRDA:107,14,3,0
BRDA:107,14,4,0
BRDA:107,14,5,0
BRDA:107,14,6,0
BRDA:109,15,0,0
BRDA:109,15,1,0
BRDA:125,16,0,0
BRDA:125,16,1,0
BRDA:126,17,0,0
BRDA:126,17,1,0
BRDA:137,18,0,0
BRDA:137,18,1,0
BRDA:145,19,0,0
BRDA:145,19,1,0
BRDA:145,19,2,0
BRDA:145,19,3,0
BRDA:155,20,0,0
BRDA:155,20,1,0
BRDA:156,21,0,0
BRDA:156,21,1,0
BRDA:157,22,0,0
BRDA:157,22,1,0
BRDA:169,23,0,0
BRDA:169,23,1,0
BRDA:172,24,0,0
BRDA:172,24,1,0
BRDA:176,25,0,0
BRDA:176,25,1,0
BRDA:177,26,0,0
BRDA:177,26,1,0
BRDA:182,27,0,0
BRDA:182,27,1,0
BRDA:183,28,0,0
BRDA:183,28,1,0
BRDA:185,29,0,0
BRDA:185,29,1,0
BRDA:186,30,0,0
BRDA:186,30,1,0
BRDA:187,31,0,0
BRDA:187,31,1,0
BRDA:187,32,0,0
BRDA:187,32,1,0
BRDA:187,32,2,0
BRDA:199,33,0,0
BRDA:199,33,1,0
BRDA:199,34,0,0
BRDA:199,34,1,0
BRF:79
BRH:2
end_of_record
TN:
SF:src/agent/AgentPanel.ts
FN:11,(anonymous_0)
FN:17,(anonymous_1)
FN:20,(anonymous_2)
FN:43,(anonymous_3)
FN:60,(anonymous_4)
FN:64,(anonymous_5)
FNF:6
FNH:4
FNDA:6,(anonymous_0)
FNDA:2,(anonymous_1)
FNDA:7,(anonymous_2)
FNDA:0,(anonymous_3)
FNDA:0,(anonymous_4)
FNDA:2,(anonymous_5)
DA:12,6
DA:13,6
DA:14,6
DA:16,6
DA:17,6
DA:20,6
DA:21,7
DA:23,7
DA:24,1
DA:25,6
DA:26,1
DA:27,1
DA:28,5
DA:29,1
DA:30,1
DA:31,4
DA:32,1
DA:33,1
DA:34,3
DA:35,1
DA:36,1
DA:37,2
DA:38,1
DA:39,1
DA:40,1
DA:41,0
DA:43,0
DA:44,0
DA:45,0
DA:46,1
DA:48,1
DA:49,1
DA:55,1
DA:61,0
DA:65,2
DA:66,2
DA:68,2
DA:69,2
DA:70,2
DA:72,2
DA:79,1
DA:81,1
DA:82,1
DA:84,2
LF:44
LH:39
BRDA:21,0,0,0
BRDA:21,0,1,7
BRDA:23,1,0,1
BRDA:23,1,1,6
BRDA:25,2,0,1
BRDA:25,2,1,5
BRDA:26,3,0,1
BRDA:26,3,1,0
BRDA:28,4,0,1
BRDA:28,4,1,4
BRDA:31,5,0,1
BRDA:31,5,1,3
BRDA:34,6,0,1
BRDA:34,6,1,2
BRDA:36,7,0,1
BRDA:36,7,1,0
BRDA:37,8,0,1
BRDA:37,8,1,1
BRDA:40,9,0,0
BRDA:40,9,1,1
BRDA:44,10,0,0
BRDA:44,10,1,0
BRDA:46,11,0,0
BRDA:46,11,1,1
BRDA:48,12,0,1
BRDA:48,12,1,0
BRDA:81,13,0,1
BRDA:81,13,1,0
BRF:28
BRH:19
end_of_record
TN:
SF:src/agent/ChatView.ts
FN:12,(anonymous_0)
FN:36,(anonymous_1)
FN:42,(anonymous_2)
FN:53,(anonymous_3)
FN:59,(anonymous_4)
FN:63,(anonymous_5)
FN:81,(anonymous_6)
FN:87,(anonymous_7)
FN:93,(anonymous_8)
FN:97,(anonymous_9)
FN:120,(anonymous_10)
FN:129,(anonymous_11)
FN:134,(anonymous_12)
FN:142,(anonymous_13)
FN:164,(anonymous_14)
FN:176,(anonymous_15)
FN:186,(anonymous_16)
FNF:17
FNH:11
FNDA:5,(anonymous_0)
FNDA:1,(anonymous_1)
FNDA:0,(anonymous_2)
FNDA:0,(anonymous_3)
FNDA:1,(anonymous_4)
FNDA:2,(anonymous_5)
FNDA:2,(anonymous_6)
FNDA:0,(anonymous_7)
FNDA:3,(anonymous_8)
FNDA:6,(anonymous_9)
FNDA:2,(anonymous_10)
FNDA:0,(anonymous_11)
FNDA:0,(anonymous_12)
FNDA:0,(anonymous_13)
FNDA:1,(anonymous_14)
FNDA:1,(anonymous_15)
FNDA:2,(anonymous_16)
DA:9,5
DA:10,5
DA:13,5
DA:14,5
DA:17,5
DA:18,5
DA:19,5
DA:22,5
DA:23,5
DA:24,5
DA:25,5
DA:26,5
DA:29,5
DA:30,5
DA:32,5
DA:33,5
DA:34,5
DA:35,5
DA:36,5
DA:37,1
DA:38,1
DA:39,1
DA:42,5
DA:44,0
DA:45,0
DA:47,5
DA:49,5
DA:50,5
DA:51,5
DA:52,5
DA:53,5
DA:54,5
DA:56,5
DA:60,1
DA:64,2
DA:65,2
DA:67,2
DA:68,2
DA:69,2
DA:70,2
DA:72,2
DA:73,2
DA:74,2
DA:75,2
DA:77,2
DA:78,2
DA:82,2
DA:83,2
DA:84,2
DA:88,0
DA:89,0
DA:90,0
DA:94,3
DA:95,3
DA:97,3
DA:98,6
DA:99,6
DA:100,6
DA:102,6
DA:103,6
DA:104,6
DA:105,6
DA:107,6
DA:108,6
DA:109,6
DA:110,6
DA:112,6
DA:115,3
DA:116,3
DA:117,3
DA:121,2
DA:122,2
DA:123,2
DA:124,2
DA:125,2
DA:126,2
DA:130,0
DA:133,0
DA:134,0
DA:135,0
DA:136,0
DA:137,0
DA:142,0
DA:143,0
DA:144,0
DA:145,0
DA:146,0
DA:148,0
DA:149,0
DA:150,0
DA:151,0
DA:153,0
DA:154,0
DA:155,0
DA:156,0
DA:158,0
DA:161,0
DA:165,1
DA:166,1
DA:167,1
DA:169,1
DA:170,1
DA:171,1
DA:172,1
DA:173,1
DA:177,1
DA:178,1
DA:179,1
DA:180,1
DA:181,1
DA:182,1
DA:187,2
LF:112
LH:86
BRDA:37,0,0,1
BRDA:37,0,1,0
BRDA:37,1,0,1
BRDA:37,1,1,1
BRDA:82,2,0,1
BRDA:82,2,1,1
BRDA:121,3,0,0
BRDA:121,3,1,2
BRDA:123,4,0,0
BRDA:123,4,1,2
BRDA:130,5,0,0
BRDA:130,5,1,0
BRDA:135,6,0,0
BRDA:135,6,1,0
BRDA:136,7,0,0
BRDA:136,7,1,0
BRDA:165,8,0,0
BRDA:165,8,1,1
BRDA:167,9,0,0
BRDA:167,9,1,1
BRDA:178,10,0,0
BRDA:178,10,1,1
BRDA:181,11,0,1
BRDA:181,11,1,0
BRF:24
BRH:11
end_of_record
TN:
SF:src/agent/SidecarBridge.ts
FN:33,(anonymous_0)
FN:45,(anonymous_1)
FN:47,(anonymous_2)
FN:52,(anonymous_3)
FN:60,(anonymous_4)
FN:64,(anonymous_5)
FN:69,(anonymous_6)
FN:73,(anonymous_7)
FN:78,(anonymous_8)
FN:97,(anonymous_9)
FN:119,(anonymous_10)
FN:127,(anonymous_11)
FN:132,(anonymous_12)
FN:145,(anonymous_13)
FN:149,(anonymous_14)
FN:159,(anonymous_15)
FN:163,(anonymous_16)
FN:174,(anonymous_17)
FN:192,(anonymous_18)
FN:196,(anonymous_19)
FN:200,(anonymous_20)
FN:204,(anonymous_21)
FN:208,(anonymous_22)
FN:212,(anonymous_23)
FN:216,(anonymous_24)
FN:220,(anonymous_25)
FN:250,(anonymous_26)
FN:260,(anonymous_27)
FN:279,(anonymous_28)
FN:284,(anonymous_29)
FN:288,(anonymous_30)
FN:292,(anonymous_31)
FN:296,(anonymous_32)
FN:300,(anonymous_33)
FN:310,(anonymous_34)
FN:314,(anonymous_35)
FN:317,(anonymous_36)
FN:322,(anonymous_37)
FNF:38
FNH:12
FNDA:8,(anonymous_0)
FNDA:7,(anonymous_1)
FNDA:1,(anonymous_2)
FNDA:4,(anonymous_3)
FNDA:1,(anonymous_4)
FNDA:0,(anonymous_5)
FNDA:0,(anonymous_6)
FNDA:0,(anonymous_7)
FNDA:0,(anonymous_8)
FNDA:1,(anonymous_9)
FNDA:5,(anonymous_10)
FNDA:4,(anonymous_11)
FNDA:0,(anonymous_12)
FNDA:1,(anonymous_13)
FNDA:0,(anonymous_14)
FNDA:1,(anonymous_15)
FNDA:0,(anonymous_16)
FNDA:0,(anonymous_17)
FNDA:0,(anonymous_18)
FNDA:0,(anonymous_19)
FNDA:0,(anonymous_20)
FNDA:0,(anonymous_21)
FNDA:0,(anonymous_22)
FNDA:0,(anonymous_23)
FNDA:0,(anonymous_24)
FNDA:0,(anonymous_25)
FNDA:0,(anonymous_26)
FNDA:0,(anonymous_27)
FNDA:0,(anonymous_28)
FNDA:0,(anonymous_29)
FNDA:0,(anonymous_30)
FNDA:0,(anonymous_31)
FNDA:0,(anonymous_32)
FNDA:0,(anonymous_33)
FNDA:0,(anonymous_34)
FNDA:1,(anonymous_35)
FNDA:0,(anonymous_36)
FNDA:4,(anonymous_37)
DA:28,1
DA:29,1
DA:34,8
DA:35,8
DA:40,8
DA:41,8
DA:42,8
DA:43,8
DA:47,7
DA:48,1
DA:52,7
DA:53,4
DA:57,7
DA:58,7
DA:60,7
DA:61,1
DA:62,1
DA:64,1
DA:65,0
DA:69,7
DA:70,0
DA:73,7
DA:74,0
DA:75,0
DA:78,7
DA:79,0
DA:80,0
DA:82,0
DA:83,0
DA:84,0
DA:86,0
DA:89,7
DA:92,7
DA:94,7
DA:98,1
DA:99,1
DA:100,1
DA:102,1
DA:103,1
DA:104,1
DA:106,1
DA:107,1
DA:108,1
DA:110,1
DA:112,1
DA:113,1
DA:114,1
DA:116,1
DA:120,5
DA:121,1
DA:125,4
DA:127,4
DA:128,4
DA:132,4
DA:133,0
DA:134,0
DA:135,0
DA:136,0
DA:139,4
DA:142,4
DA:146,1
DA:150,0
DA:156,0
DA:160,1
DA:171,0
DA:182,0
DA:193,0
DA:197,0
DA:201,0
DA:205,0
DA:209,0
DA:213,0
DA:217,0
DA:234,0
DA:254,0
DA:268,0
DA:276,0
DA:280,0
DA:281,0
DA:285,0
DA:289,0
DA:293,0
DA:297,0
DA:307,0
DA:311,0
DA:315,1
DA:316,1
DA:317,1
DA:318,0
DA:325,4
DA:326,0
DA:327,0
DA:329,0
DA:332,4
DA:336,4
DA:337,3
DA:338,3
DA:339,3
DA:340,3
DA:341,3
DA:342,3
DA:343,1
DA:345,2
DA:348,1
DA:350,1
DA:351,1
DA:352,1
LF:107
LH:66
BRDA:57,0,0,7
BRDA:57,0,1,7
BRDA:62,1,0,0
BRDA:62,1,1,1
BRDA:98,2,0,1
BRDA:98,2,1,0
BRDA:102,3,0,1
BRDA:102,3,1,0
BRDA:106,4,0,1
BRDA:106,4,1,0
BRDA:119,5,0,5
BRDA:119,6,0,5
BRDA:120,7,0,1
BRDA:120,7,1,4
BRDA:128,8,0,0
BRDA:128,8,1,4
BRDA:130,9,0,4
BRDA:130,9,1,4
BRDA:134,10,0,0
BRDA:134,10,1,0
BRDA:315,11,0,0
BRDA:315,11,1,1
BRDA:325,12,0,0
BRDA:325,12,1,4
BRDA:336,13,0,3
BRDA:336,13,1,1
BRDA:336,14,0,4
BRDA:336,14,1,3
BRDA:339,15,0,3
BRDA:339,15,1,0
BRDA:342,16,0,1
BRDA:342,16,1,2
BRDA:348,17,0,1
BRDA:348,17,1,0
BRF:34
BRH:23
end_of_record
TN:
SF:src/agent/types.ts
FNF:0
FNH:0
DA:50,5
LF:1
LH:1
BRF:0
BRH:0
end_of_record
TN:
SF:src/automation/DomAutomationBridge.ts
FN:20,(anonymous_0)
FN:25,(anonymous_1)
FN:27,(anonymous_2)
FN:32,(anonymous_3)
FN:45,(anonymous_4)
FN:60,(anonymous_5)
FN:79,(anonymous_6)
FN:80,(anonymous_7)
FN:101,(anonymous_8)
FN:111,(anonymous_9)
FN:118,(anonymous_10)
FN:127,(anonymous_11)
FN:131,(anonymous_12)
FN:135,(anonymous_13)
FNF:14
FNH:2
FNDA:3,(anonymous_0)
FNDA:3,(anonymous_1)
FNDA:0,(anonymous_2)
FNDA:0,(anonymous_3)
FNDA:0,(anonymous_4)
FNDA:0,(anonymous_5)
FNDA:0,(anonymous_6)
FNDA:0,(anonymous_7)
FNDA:0,(anonymous_8)
FNDA:0,(anonymous_9)
FNDA:0,(anonymous_10)
FNDA:0,(anonymous_11)
FNDA:0,(anonymous_12)
FNDA:0,(anonymous_13)
DA:15,3
DA:16,3
DA:17,3
DA:21,3
DA:22,3
DA:26,3
DA:27,3
DA:28,0
DA:33,0
DA:34,0
DA:35,0
DA:37,0
DA:38,0
DA:39,0
DA:41,0
DA:42,0
DA:49,0
DA:57,0
DA:61,0
DA:62,0
DA:63,0
DA:66,0
DA:67,0
DA:68,0
DA:69,0
DA:70,0
DA:71,0
DA:72,0
DA:76,0
DA:77,0
DA:79,0
DA:80,0
DA:81,0
DA:82,0
DA:83,0
DA:85,0
DA:88,0
DA:89,0
DA:90,0
DA:92,0
DA:93,0
DA:94,0
DA:95,0
DA:98,0
DA:102,0
DA:103,0
DA:104,0
DA:105,0
DA:106,0
DA:107,0
DA:108,0
DA:112,0
DA:113,0
DA:114,0
DA:115,0
DA:119,0
DA:120,0
DA:121,0
DA:122,0
DA:123,0
DA:128,0
DA:132,0
DA:136,0
DA:137,0
DA:139,0
LF:65
LH:7
BRDA:26,0,0,0
BRDA:26,0,1,3
BRDA:33,1,0,0
BRDA:33,1,1,0
BRDA:47,2,0,0
BRDA:61,3,0,0
BRDA:61,3,1,0
BRDA:62,4,0,0
BRDA:62,4,1,0
BRDA:69,5,0,0
BRDA:69,5,1,0
BRDA:70,6,0,0
BRDA:70,6,1,0
BRDA:71,7,0,0
BRDA:71,7,1,0
BRDA:77,8,0,0
BRDA:77,8,1,0
BRDA:94,9,0,0
BRDA:94,9,1,0
BRDA:102,10,0,0
BRDA:102,10,1,0
BRDA:102,11,0,0
BRDA:102,11,1,0
BRDA:104,12,0,0
BRDA:104,12,1,0
BRDA:113,13,0,0
BRDA:113,13,1,0
BRDA:120,14,0,0
BRDA:120,14,1,0
BRDA:122,15,0,0
BRDA:122,15,1,0
BRDA:136,16,0,0
BRDA:136,16,1,0
BRDA:136,17,0,0
BRDA:136,17,1,0
BRF:35
BRH:1
end_of_record
TN:
SF:src/automation/SidecarAutomationRouter.ts
FN:10,(anonymous_0)
FN:15,(anonymous_1)
FN:18,(anonymous_2)
FN:20,(anonymous_3)
FN:26,(anonymous_4)
FNF:5
FNH:2
FNDA:3,(anonymous_0)
FNDA:3,(anonymous_1)
FNDA:0,(anonymous_2)
FNDA:0,(anonymous_3)
FNDA:0,(anonymous_4)
DA:8,3
DA:11,3
DA:12,3
DA:16,3
DA:17,3
DA:18,3
DA:19,0
DA:20,0
DA:21,0
DA:27,0
DA:28,0
DA:29,0
DA:36,0
DA:37,0
DA:41,0
DA:42,0
DA:44,0
DA:45,0
DA:58,0
DA:59,0
DA:61,0
LF:21
LH:6
BRDA:16,0,0,0
BRDA:16,0,1,3
BRDA:19,1,0,0
BRDA:19,1,1,0
BRDA:27,2,0,0
BRDA:27,2,1,0
BRDA:27,3,0,0
BRDA:27,3,1,0
BRDA:28,4,0,0
BRDA:28,4,1,0
BRDA:28,5,0,0
BRDA:28,5,1,0
BRDA:44,6,0,0
BRDA:44,6,1,0
BRF:14
BRH:1
end_of_record
TN:
SF:src/automation/domScript.ts
FN:823,buildDomAutomationScript
FNF:1
FNH:0
FNDA:0,buildDomAutomationScript
DA:3,3
DA:824,0
DA:825,0
LF:3
LH:1
BRDA:824,0,0,0
BRDA:824,0,1,0
BRF:2
BRH:0
end_of_record
TN:
SF:src/automation/domTypes.ts
FNF:0
FNH:0
LF:0
LH:0
BRF:0
BRH:0
end_of_record
TN:
SF:src/debug/DebugCapture.ts
FN:43,(anonymous_0)
FN:50,(anonymous_1)
FN:57,(anonymous_2)
FN:59,(anonymous_3)
FN:62,(anonymous_4)
FN:72,(anonymous_5)
FN:83,(anonymous_6)
FN:84,(anonymous_7)
FN:98,(anonymous_8)
FN:103,(anonymous_9)
FN:111,(anonymous_10)
FN:117,(anonymous_11)
FN:118,(anonymous_12)
FN:123,(anonymous_13)
FN:149,(anonymous_14)
FN:174,(anonymous_15)
FN:177,(anonymous_16)
FN:204,(anonymous_17)
FN:223,(anonymous_18)
FN:237,(anonymous_19)
FN:245,(anonymous_20)
FN:271,(anonymous_21)
FN:272,(anonymous_22)
FN:276,(anonymous_23)
FN:295,(anonymous_24)
FN:297,(anonymous_25)
FN:298,(anonymous_26)
FN:307,(anonymous_27)
FN:311,(anonymous_28)
FN:316,(anonymous_29)
FN:322,(anonymous_30)
FN:324,(anonymous_31)
FN:329,(anonymous_32)
FN:333,(anonymous_33)
FN:348,(anonymous_34)
FN:361,(anonymous_35)
FNF:36
FNH:19
FNDA:3,(anonymous_0)
FNDA:3,(anonymous_1)
FNDA:3,(anonymous_2)
FNDA:15,(anonymous_3)
FNDA:6,(anonymous_4)
FNDA:0,(anonymous_5)
FNDA:3,(anonymous_6)
FNDA:0,(anonymous_7)
FNDA:0,(anonymous_8)
FNDA:0,(anonymous_9)
FNDA:0,(anonymous_10)
FNDA:3,(anonymous_11)
FNDA:0,(anonymous_12)
FNDA:0,(anonymous_13)
FNDA:0,(anonymous_14)
FNDA:0,(anonymous_15)
FNDA:0,(anonymous_16)
FNDA:0,(anonymous_17)
FNDA:0,(anonymous_18)
FNDA:0,(anonymous_19)
FNDA:0,(anonymous_20)
FNDA:6,(anonymous_21)
FNDA:6,(anonymous_22)
FNDA:6,(anonymous_23)
FNDA:6,(anonymous_24)
FNDA:12,(anonymous_25)
FNDA:12,(anonymous_26)
FNDA:18,(anonymous_27)
FNDA:18,(anonymous_28)
FNDA:6,(anonymous_29)
FNDA:0,(anonymous_30)
FNDA:0,(anonymous_31)
FNDA:6,(anonymous_32)
FNDA:12,(anonymous_33)
FNDA:0,(anonymous_34)
FNDA:6,(anonymous_35)
DA:37,3
DA:38,3
DA:39,3
DA:40,3
DA:41,3
DA:44,3
DA:45,3
DA:46,3
DA:47,3
DA:51,3
DA:52,3
DA:53,3
DA:54,3
DA:58,3
DA:59,3
DA:60,15
DA:61,15
DA:62,15
DA:63,6
DA:64,6
DA:65,6
DA:66,6
DA:67,6
DA:78,6
DA:84,3
DA:85,0
DA:92,0
DA:93,0
DA:94,0
DA:103,3
DA:104,0
DA:105,0
DA:106,0
DA:107,0
DA:118,3
DA:119,0
DA:124,0
DA:126,0
DA:132,0
DA:134,0
DA:139,0
DA:140,0
DA:141,0
DA:152,0
DA:155,0
DA:162,0
DA:163,0
DA:164,0
DA:177,0
DA:180,0
DA:183,0
DA:191,0
DA:192,0
DA:193,0
DA:207,0
DA:210,0
DA:214,0
DA:215,0
DA:216,0
DA:226,0
DA:229,0
DA:230,0
DA:231,0
DA:240,0
DA:246,0
DA:247,0
DA:248,0
DA:249,0
DA:250,0
DA:251,0
DA:253,0
DA:254,0
DA:255,0
DA:257,0
DA:260,0
DA:262,0
DA:272,6
DA:273,6
DA:277,6
DA:278,0
DA:279,0
DA:280,0
DA:281,0
DA:282,0
DA:284,0
DA:285,0
DA:287,0
DA:288,0
DA:290,0
DA:296,6
DA:297,12
DA:299,12
DA:300,12
DA:302,0
DA:308,18
DA:312,18
DA:313,18
DA:317,6
DA:318,6
DA:319,0
DA:320,0
DA:321,0
DA:322,0
DA:325,0
DA:330,6
DA:334,12
DA:336,0
DA:338,6
DA:340,0
DA:342,6
DA:344,0
DA:349,0
DA:355,0
DA:357,0
DA:362,6
DA:364,0
DA:366,0
DA:368,0
DA:372,6
LF:119
LH:45
BRDA:47,0,0,3
BRDA:47,0,1,3
BRDA:47,0,2,0
BRDA:51,1,0,0
BRDA:51,1,1,3
BRDA:90,2,0,0
BRDA:90,2,1,0
BRDA:90,3,0,0
BRDA:90,3,1,0
BRDA:124,4,0,0
BRDA:124,4,1,0
BRDA:124,5,0,0
BRDA:124,5,1,0
BRDA:132,6,0,0
BRDA:132,6,1,0
BRDA:132,6,2,0
BRDA:132,6,3,0
BRDA:132,6,4,0
BRDA:246,7,0,0
BRDA:246,7,1,0
BRDA:247,8,0,0
BRDA:247,8,1,0
BRDA:249,9,0,0
BRDA:249,9,1,0
BRDA:250,10,0,0
BRDA:250,10,1,0
BRDA:260,11,0,0
BRDA:260,11,1,0
BRDA:260,12,0,0
BRDA:260,12,1,0
BRDA:277,13,0,6
BRDA:277,13,1,0
BRDA:278,14,0,0
BRDA:278,14,1,0
BRDA:278,15,0,0
BRDA:278,15,1,0
BRDA:278,15,2,0
BRDA:278,15,3,0
BRDA:279,16,0,0
BRDA:279,16,1,0
BRDA:280,17,0,0
BRDA:280,17,1,0
BRDA:281,18,0,0
BRDA:281,18,1,0
BRDA:281,19,0,0
BRDA:281,19,1,0
BRDA:297,20,0,12
BRDA:297,20,1,12
BRDA:297,20,2,12
BRDA:299,21,0,12
BRDA:299,21,1,0
BRDA:308,22,0,18
BRDA:308,22,1,0
BRDA:312,23,0,0
BRDA:312,23,1,18
BRDA:313,24,0,0
BRDA:313,24,1,18
BRDA:317,25,0,0
BRDA:317,25,1,6
BRDA:317,26,0,6
BRDA:317,26,1,6
BRDA:318,27,0,6
BRDA:318,27,1,0
BRDA:319,28,0,0
BRDA:319,28,1,0
BRDA:334,29,0,0
BRDA:334,29,1,6
BRDA:334,29,2,0
BRDA:334,29,3,6
BRDA:334,29,4,0
BRDA:349,30,0,0
BRDA:349,30,1,0
BRDA:349,30,2,0
BRDA:349,30,3,0
BRDA:349,30,4,0
BRDA:349,30,5,0
BRDA:362,31,0,0
BRDA:362,31,1,0
BRDA:362,31,2,0
BRDA:362,31,3,6
BRDA:362,31,4,6
BRDA:362,31,5,6
BRF:82
BRH:20
end_of_record
TN:
SF:src/navigation/NavBar.ts
FN:13,(anonymous_0)
FN:20,(anonymous_1)
FN:25,(anonymous_2)
FN:31,(anonymous_3)
FN:41,(anonymous_4)
FN:51,(anonymous_5)
FN:65,(anonymous_6)
FN:74,(anonymous_7)
FN:84,(anonymous_8)
FN:94,(anonymous_9)
FN:100,(anonymous_10)
FN:105,(anonymous_11)
FNF:12
FNH:8
FNDA:3,(anonymous_0)
FNDA:3,(anonymous_1)
FNDA:3,(anonymous_2)
FNDA:1,(anonymous_3)
FNDA:1,(anonymous_4)
FNDA:0,(anonymous_5)
FNDA:1,(anonymous_6)
FNDA:1,(anonymous_7)
FNDA:0,(anonymous_8)
FNDA:0,(anonymous_9)
FNDA:0,(anonymous_10)
FNDA:6,(anonymous_11)
DA:11,3
DA:14,3
DA:15,3
DA:16,3
DA:17,3
DA:20,3
DA:21,3
DA:27,3
DA:28,3
DA:29,3
DA:30,3
DA:31,3
DA:32,1
DA:34,3
DA:37,3
DA:38,3
DA:39,3
DA:40,3
DA:41,3
DA:42,1
DA:44,3
DA:47,3
DA:48,3
DA:49,3
DA:50,3
DA:51,3
DA:52,0
DA:53,0
DA:54,0
DA:57,3
DA:60,3
DA:61,3
DA:62,3
DA:63,3
DA:64,3
DA:65,3
DA:66,1
DA:67,1
DA:68,1
DA:69,1
DA:70,1
DA:74,3
DA:75,1
DA:77,3
DA:80,3
DA:81,3
DA:82,3
DA:83,3
DA:84,3
DA:85,0
DA:86,0
DA:89,3
DA:91,3
DA:95,0
DA:96,0
DA:97,0
DA:101,0
DA:102,0
DA:106,6
DA:107,6
DA:109,6
DA:110,5
DA:113,0
DA:116,6
DA:117,6
DA:118,6
LF:66
LH:55
BRDA:16,0,0,3
BRDA:16,0,1,3
BRDA:53,1,0,0
BRDA:53,1,1,0
BRDA:66,2,0,1
BRDA:66,2,1,0
BRDA:68,3,0,1
BRDA:68,3,1,0
BRDA:85,4,0,0
BRDA:85,4,1,0
BRDA:95,5,0,0
BRDA:95,5,1,0
BRDA:101,6,0,0
BRDA:101,6,1,0
BRDA:107,7,0,6
BRDA:107,7,1,0
BRDA:109,8,0,5
BRDA:109,8,1,1
BRDA:110,9,0,1
BRDA:110,9,1,4
BRF:20
BRH:9
end_of_record
TN:
SF:src/onboarding/Wizard.ts
FN:82,(anonymous_0)
FN:93,(anonymous_1)
FN:97,(anonymous_2)
FN:104,(anonymous_3)
FN:109,(anonymous_4)
FN:146,(anonymous_5)
FN:153,(anonymous_6)
FN:159,(anonymous_7)
FN:176,(anonymous_8)
FN:182,(anonymous_9)
FN:201,(anonymous_10)
FN:238,(anonymous_11)
FN:249,(anonymous_12)
FN:257,(anonymous_13)
FN:272,(anonymous_14)
FN:306,(anonymous_15)
FN:327,(anonymous_16)
FN:354,(anonymous_17)
FN:400,(anonymous_18)
FN:406,(anonymous_19)
FN:418,(anonymous_20)
FN:662,(anonymous_21)
FN:668,(anonymous_22)
FN:708,(anonymous_23)
FN:746,(anonymous_24)
FN:772,(anonymous_25)
FN:824,(anonymous_26)
FN:860,(anonymous_27)
FN:866,(anonymous_28)
FNF:29
FNH:26
FNDA:3,(anonymous_0)
FNDA:3,(anonymous_1)
FNDA:3,(anonymous_2)
FNDA:3,(anonymous_3)
FNDA:3,(anonymous_4)
FNDA:11,(anonymous_5)
FNDA:41,(anonymous_6)
FNDA:3,(anonymous_7)
FNDA:3,(anonymous_8)
FNDA:9,(anonymous_9)
FNDA:45,(anonymous_10)
FNDA:4,(anonymous_11)
FNDA:13,(anonymous_12)
FNDA:9,(anonymous_13)
FNDA:42,(anonymous_14)
FNDA:15,(anonymous_15)
FNDA:3,(anonymous_16)
FNDA:3,(anonymous_17)
FNDA:0,(anonymous_18)
FNDA:4,(anonymous_19)
FNDA:3,(anonymous_20)
FNDA:0,(anonymous_21)
FNDA:3,(anonymous_22)
FNDA:3,(anonymous_23)
FNDA:1,(anonymous_24)
FNDA:4,(anonymous_25)
FNDA:2,(anonymous_26)
FNDA:0,(anonymous_27)
FNDA:4,(anonymous_28)
DA:60,1
DA:67,3
DA:68,3
DA:69,3
DA:71,3
DA:76,3
DA:77,3
DA:78,3
DA:79,3
DA:80,3
DA:83,3
DA:84,3
DA:85,3
DA:86,3
DA:87,3
DA:88,3
DA:89,3
DA:90,3
DA:94,3
DA:98,3
DA:99,3
DA:100,3
DA:101,3
DA:105,3
DA:106,3
DA:110,3
DA:111,3
DA:113,3
DA:114,3
DA:117,3
DA:118,3
DA:119,3
DA:120,11
DA:121,11
DA:122,11
DA:123,11
DA:125,3
DA:128,3
DA:133,3
DA:134,2
DA:137,3
DA:138,11
DA:139,11
DA:142,3
DA:143,3
DA:147,11
DA:148,11
DA:149,41
DA:152,11
DA:153,11
DA:154,41
DA:155,41
DA:160,3
DA:161,3
DA:163,3
DA:164,3
DA:165,3
DA:166,3
DA:168,3
DA:169,3
DA:170,3
DA:171,3
DA:173,3
DA:174,3
DA:175,3
DA:176,3
DA:177,3
DA:179,3
DA:183,9
DA:184,9
DA:186,9
DA:187,9
DA:188,9
DA:189,9
DA:190,9
DA:191,9
DA:192,3
DA:193,3
DA:194,3
DA:195,3
DA:197,9
DA:199,9
DA:200,9
DA:201,45
DA:205,9
DA:207,9
DA:213,9
DA:215,9
DA:216,9
DA:218,9
DA:219,9
DA:220,9
DA:221,9
DA:222,9
DA:224,9
DA:225,9
DA:226,9
DA:227,9
DA:228,9
DA:230,9
DA:238,9
DA:239,4
DA:240,4
DA:243,9
DA:244,9
DA:246,9
DA:250,13
DA:251,13
DA:252,13
DA:253,13
DA:254,13
DA:258,9
DA:259,9
DA:261,9
DA:262,9
DA:263,9
DA:265,9
DA:266,9
DA:267,9
DA:269,9
DA:273,42
DA:274,42
DA:276,42
DA:277,42
DA:279,42
DA:280,42
DA:281,42
DA:283,42
DA:284,42
DA:285,42
DA:287,42
DA:288,42
DA:290,42
DA:291,42
DA:292,42
DA:294,42
DA:295,42
DA:297,42
DA:298,42
DA:300,42
DA:301,42
DA:303,42
DA:307,15
DA:308,15
DA:310,15
DA:311,15
DA:313,15
DA:314,15
DA:315,15
DA:317,15
DA:318,15
DA:319,15
DA:321,15
DA:322,15
DA:324,15
DA:328,3
DA:329,3
DA:331,3
DA:332,3
DA:334,3
DA:335,3
DA:336,3
DA:338,3
DA:339,3
DA:340,3
DA:342,3
DA:343,3
DA:344,3
DA:345,3
DA:346,3
DA:348,3
DA:349,3
DA:351,3
DA:355,3
DA:356,3
DA:358,3
DA:359,3
DA:360,3
DA:361,3
DA:363,3
DA:364,3
DA:365,3
DA:366,3
DA:368,3
DA:369,3
DA:370,3
DA:373,3
DA:376,3
DA:379,3
DA:381,3
DA:382,3
DA:384,3
DA:385,3
DA:386,3
DA:388,3
DA:390,3
DA:391,3
DA:392,3
DA:394,3
DA:395,3
DA:397,3
DA:398,3
DA:399,3
DA:400,3
DA:401,3
DA:403,3
DA:404,3
DA:405,3
DA:406,3
DA:407,4
DA:408,4
DA:409,3
DA:410,3
DA:412,3
DA:414,3
DA:415,3
DA:419,3
DA:420,3
DA:422,3
DA:423,3
DA:424,3
DA:425,3
DA:427,3
DA:428,3
DA:429,3
DA:430,3
DA:432,3
DA:433,3
DA:435,3
DA:436,3
DA:438,3
DA:443,3
DA:445,3
DA:450,3
DA:452,3
DA:461,3
DA:462,3
DA:470,3
DA:472,3
DA:473,3
DA:475,3
DA:480,3
DA:482,3
DA:487,3
DA:489,3
DA:498,3
DA:499,3
DA:507,3
DA:512,3
DA:514,3
DA:519,3
DA:521,3
DA:526,3
DA:528,3
DA:533,3
DA:535,3
DA:540,3
DA:542,3
DA:551,3
DA:552,3
DA:560,3
DA:562,3
DA:563,3
DA:565,3
DA:570,3
DA:572,3
DA:577,3
DA:579,3
DA:584,3
DA:586,3
DA:591,3
DA:593,3
DA:595,3
DA:596,3
DA:598,3
DA:607,3
DA:608,3
DA:616,3
DA:621,3
DA:623,3
DA:632,3
DA:633,3
DA:641,3
DA:646,3
DA:648,3
DA:650,3
DA:652,3
DA:653,3
DA:654,3
DA:656,3
DA:657,3
DA:659,3
DA:660,3
DA:661,3
DA:662,3
DA:663,3
DA:665,3
DA:666,3
DA:667,3
DA:668,3
DA:669,3
DA:670,3
DA:671,3
DA:672,3
DA:673,2
DA:674,2
DA:676,1
DA:678,3
DA:680,3
DA:682,3
DA:705,3
DA:709,3
DA:710,3
DA:711,3
DA:713,3
DA:714,3
DA:715,0
DA:716,0
DA:719,3
DA:747,1
DA:748,1
DA:749,1
DA:750,1
DA:751,3
DA:752,3
DA:753,1
DA:757,1
DA:759,1
DA:760,1
DA:768,0
DA:773,4
DA:774,4
DA:775,4
DA:780,4
DA:786,4
DA:787,10
DA:788,10
DA:790,10
DA:791,10
DA:792,10
DA:793,10
DA:795,10
DA:796,1
DA:797,1
DA:800,9
DA:801,5
DA:802,5
DA:805,4
DA:806,1
DA:807,0
DA:808,0
DA:812,4
DA:821,3
DA:825,2
DA:826,2
DA:828,2
DA:829,2
DA:830,2
DA:831,2
DA:833,2
DA:834,2
DA:835,2
DA:836,2
DA:838,2
DA:839,2
DA:840,2
DA:841,2
DA:842,2
DA:844,2
DA:845,2
DA:846,2
DA:847,2
DA:848,2
DA:850,2
DA:851,2
DA:852,2
DA:854,2
DA:855,2
DA:857,2
DA:858,2
DA:859,2
DA:860,2
DA:861,2
DA:863,2
DA:864,2
DA:865,2
DA:866,2
DA:867,4
DA:868,4
DA:870,4
DA:871,1
DA:872,1
DA:874,3
DA:875,1
DA:876,1
DA:879,2
DA:880,2
DA:882,2
DA:883,6
DA:884,6
DA:885,2
DA:889,2
DA:891,2
DA:892,2
DA:900,0
DA:903,2
DA:905,2
DA:906,2
LF:408
LH:402
BRDA:82,0,0,3
BRDA:82,1,0,3
BRDA:84,2,0,3
BRDA:84,2,1,2
BRDA:86,3,0,2
BRDA:86,3,1,1
BRDA:133,4,0,2
BRDA:133,4,1,1
BRDA:149,5,0,11
BRDA:149,5,1,30
BRDA:191,6,0,3
BRDA:191,6,1,6
BRDA:251,7,0,0
BRDA:251,7,1,13
BRDA:253,8,0,13
BRDA:253,8,1,0
BRDA:408,9,0,1
BRDA:408,9,1,3
BRDA:667,10,0,2
BRDA:667,10,1,1
BRDA:670,11,0,0
BRDA:670,11,1,3
BRDA:672,12,0,2
BRDA:672,12,1,1
BRDA:711,13,0,0
BRDA:711,13,1,3
BRDA:714,14,0,0
BRDA:714,14,1,3
BRDA:714,15,0,3
BRDA:714,15,1,3
BRDA:752,16,0,1
BRDA:752,16,1,2
BRDA:759,17,0,1
BRDA:759,17,1,0
BRDA:788,18,0,0
BRDA:788,18,1,10
BRDA:795,19,0,1
BRDA:795,19,1,9
BRDA:795,20,0,10
BRDA:795,20,1,4
BRDA:800,21,0,5
BRDA:800,21,1,4
BRDA:805,22,0,1
BRDA:805,22,1,3
BRDA:805,23,0,4
BRDA:805,23,1,4
BRDA:806,24,0,0
BRDA:806,24,1,1
BRDA:816,25,0,4
BRDA:816,25,1,0
BRDA:870,26,0,1
BRDA:870,26,1,3
BRDA:874,27,0,1
BRDA:874,27,1,2
BRDA:884,28,0,2
BRDA:884,28,1,4
BRDA:891,29,0,2
BRDA:891,29,1,0
BRF:58
BRH:48
end_of_record
TN:
SF:src/security/Permissions.ts
FN:14,(anonymous_0)
FN:27,(anonymous_1)
FN:32,(anonymous_2)
FN:39,(anonymous_3)
FN:48,(anonymous_4)
FN:63,(anonymous_5)
FN:72,(anonymous_6)
FNF:7
FNH:7
FNDA:3,(anonymous_0)
FNDA:3,(anonymous_1)
FNDA:3,(anonymous_2)
FNDA:3,(anonymous_3)
FNDA:3,(anonymous_4)
FNDA:3,(anonymous_5)
FNDA:3,(anonymous_6)
DA:11,3
DA:12,3
DA:15,0
DA:16,0
DA:17,0
DA:18,0
DA:19,0
DA:20,0
DA:21,0
DA:23,0
DA:28,0
DA:29,0
DA:33,0
DA:34,0
DA:35,0
DA:36,0
DA:40,0
DA:41,0
DA:43,0
DA:45,0
DA:49,0
DA:50,0
DA:51,0
DA:52,0
DA:53,0
DA:54,0
DA:59,0
DA:60,0
DA:64,0
DA:65,0
DA:66,0
DA:73,0
DA:74,0
DA:79,0
LF:34
LH:2
BRDA:15,0,0,0
BRDA:15,0,1,0
BRDA:16,1,0,0
BRDA:16,1,1,0
BRDA:20,2,0,0
BRDA:20,2,1,0
BRDA:20,3,0,0
BRDA:20,3,1,0
BRDA:28,4,0,0
BRDA:28,4,1,0
BRDA:29,5,0,0
BRDA:29,5,1,0
BRDA:35,6,0,0
BRDA:35,6,1,0
BRDA:35,7,0,0
BRDA:35,7,1,0
BRDA:41,8,0,0
BRDA:41,8,1,0
BRDA:49,9,0,0
BRDA:49,9,1,0
BRDA:52,10,0,0
BRDA:52,10,1,0
BRDA:75,11,0,0
BRDA:75,11,1,0
BRF:24
BRH:0
end_of_record
TN:
SF:src/settings/SettingsPanel.ts
FN:109,(anonymous_0)
FN:126,(anonymous_1)
FN:133,(anonymous_2)
FN:137,(anonymous_3)
FN:141,(anonymous_4)
FN:149,(anonymous_5)
FN:155,(anonymous_6)
FN:158,(anonymous_7)
FN:163,(anonymous_8)
FN:169,(anonymous_9)
FN:175,(anonymous_10)
FN:645,(anonymous_11)
FN:655,(anonymous_12)
FN:663,(anonymous_13)
FN:670,(anonymous_14)
FN:675,(anonymous_15)
FN:680,(anonymous_16)
FN:685,(anonymous_17)
FN:691,(anonymous_18)
FN:703,(anonymous_19)
FN:706,(anonymous_20)
FN:727,(anonymous_21)
FN:741,(anonymous_22)
FN:746,(anonymous_23)
FN:798,(anonymous_24)
FN:814,(anonymous_25)
FN:825,(anonymous_26)
FN:886,(anonymous_27)
FN:898,(anonymous_28)
FN:1002,(anonymous_29)
FN:1015,(anonymous_30)
FN:1021,(anonymous_31)
FN:1028,(anonymous_32)
FN:1046,(anonymous_33)
FN:1055,(anonymous_34)
FN:1060,(anonymous_35)
FN:1077,(anonymous_36)
FN:1085,(anonymous_37)
FN:1102,(anonymous_38)
FN:1103,(anonymous_39)
FN:1119,(anonymous_40)
FN:1153,(anonymous_41)
FN:1165,(anonymous_42)
FN:1190,(anonymous_43)
FN:1198,(anonymous_44)
FN:1221,(anonymous_45)
FN:1228,(anonymous_46)
FN:1251,(anonymous_47)
FN:1258,(anonymous_48)
FN:1263,(anonymous_49)
FN:1271,(anonymous_50)
FN:1277,(anonymous_51)
FN:1287,(anonymous_52)
FN:1301,(anonymous_53)
FN:1312,(anonymous_54)
FN:1343,(anonymous_55)
FN:1356,(anonymous_56)
FN:1366,(anonymous_57)
FN:1379,(anonymous_58)
FN:1385,(anonymous_59)
FNF:60
FNH:33
FNDA:4,(anonymous_0)
FNDA:0,(anonymous_1)
FNDA:0,(anonymous_2)
FNDA:0,(anonymous_3)
FNDA:4,(anonymous_4)
FNDA:4,(anonymous_5)
FNDA:0,(anonymous_6)
FNDA:0,(anonymous_7)
FNDA:0,(anonymous_8)
FNDA:0,(anonymous_9)
FNDA:4,(anonymous_10)
FNDA:2,(anonymous_11)
FNDA:1,(anonymous_12)
FNDA:0,(anonymous_13)
FNDA:0,(anonymous_14)
FNDA:1,(anonymous_15)
FNDA:1,(anonymous_16)
FNDA:0,(anonymous_17)
FNDA:36,(anonymous_18)
FNDA:1,(anonymous_19)
FNDA:0,(anonymous_20)
FNDA:1,(anonymous_21)
FNDA:0,(anonymous_22)
FNDA:4,(anonymous_23)
FNDA:0,(anonymous_24)
FNDA:0,(anonymous_25)
FNDA:1,(anonymous_26)
FNDA:9,(anonymous_27)
FNDA:1,(anonymous_28)
FNDA:5,(anonymous_29)
FNDA:4,(anonymous_30)
FNDA:5,(anonymous_31)
FNDA:0,(anonymous_32)
FNDA:1,(anonymous_33)
FNDA:2,(anonymous_34)
FNDA:0,(anonymous_35)
FNDA:6,(anonymous_36)
FNDA:1,(anonymous_37)
FNDA:1,(anonymous_38)
FNDA:1,(anonymous_39)
FNDA:0,(anonymous_40)
FNDA:0,(anonymous_41)
FNDA:8,(anonymous_42)
FNDA:4,(anonymous_43)
FNDA:0,(anonymous_44)
FNDA:4,(anonymous_45)
FNDA:0,(anonymous_46)
FNDA:4,(anonymous_47)
FNDA:0,(anonymous_48)
FNDA:0,(anonymous_49)
FNDA:0,(anonymous_50)
FNDA:0,(anonymous_51)
FNDA:0,(anonymous_52)
FNDA:4,(anonymous_53)
FNDA:16,(anonymous_54)
FNDA:16,(anonymous_55)
FNDA:13,(anonymous_56)
FNDA:8,(anonymous_57)
FNDA:0,(anonymous_58)
FNDA:0,(anonymous_59)
DA:45,4
DA:53,4
DA:54,4
DA:55,4
DA:56,4
DA:57,4
DA:58,4
DA:82,4
DA:107,4
DA:117,4
DA:118,4
DA:119,4
DA:120,4
DA:121,4
DA:122,4
DA:123,4
DA:124,4
DA:126,4
DA:127,0
DA:128,0
DA:134,0
DA:138,0
DA:142,4
DA:143,0
DA:145,4
DA:150,4
DA:151,4
DA:152,4
DA:153,4
DA:154,4
DA:155,4
DA:156,0
DA:158,4
DA:159,0
DA:164,0
DA:165,0
DA:166,0
DA:167,0
DA:168,0
DA:169,0
DA:170,0
DA:176,4
DA:177,4
DA:179,4
DA:559,4
DA:560,4
DA:561,4
DA:563,4
DA:576,4
DA:577,4
DA:579,4
DA:587,4
DA:588,4
DA:590,4
DA:600,4
DA:601,4
DA:603,4
DA:604,4
DA:605,4
DA:606,4
DA:607,4
DA:608,4
DA:609,4
DA:610,4
DA:611,4
DA:612,4
DA:613,4
DA:614,4
DA:615,4
DA:616,4
DA:617,4
DA:618,4
DA:620,4
DA:621,4
DA:622,4
DA:623,4
DA:624,4
DA:625,4
DA:626,4
DA:627,4
DA:628,4
DA:629,4
DA:630,4
DA:631,4
DA:632,4
DA:633,4
DA:634,4
DA:635,4
DA:636,4
DA:637,4
DA:638,4
DA:639,4
DA:640,4
DA:641,4
DA:642,4
DA:643,4
DA:645,4
DA:646,2
DA:647,2
DA:648,2
DA:649,1
DA:650,1
DA:651,1
DA:652,1
DA:655,4
DA:656,1
DA:657,0
DA:658,0
DA:660,1
DA:663,4
DA:664,0
DA:665,0
DA:666,0
DA:670,4
DA:671,0
DA:672,0
DA:675,4
DA:676,1
DA:677,1
DA:680,4
DA:681,1
DA:682,1
DA:685,4
DA:686,0
DA:687,0
DA:690,4
DA:691,4
DA:692,36
DA:695,4
DA:696,4
DA:697,4
DA:698,4
DA:700,4
DA:704,1
DA:706,0
DA:707,0
DA:709,0
DA:711,0
DA:712,0
DA:714,0
DA:715,0
DA:717,0
DA:718,0
DA:720,1
DA:721,1
DA:723,0
DA:728,1
DA:731,1
DA:733,1
DA:734,0
DA:735,0
DA:738,1
DA:739,1
DA:740,1
DA:742,0
DA:747,4
DA:749,4
DA:758,4
DA:760,4
DA:761,4
DA:762,4
DA:763,4
DA:765,0
DA:768,4
DA:769,4
DA:772,4
DA:773,4
DA:774,4
DA:775,4
DA:778,4
DA:779,4
DA:782,4
DA:783,4
DA:788,4
DA:789,4
DA:790,4
DA:793,4
DA:794,4
DA:799,0
DA:800,0
DA:801,0
DA:802,0
DA:805,0
DA:806,0
DA:807,0
DA:809,0
DA:810,0
DA:815,0
DA:816,0
DA:817,0
DA:818,0
DA:819,0
DA:821,0
DA:826,1
DA:827,1
DA:828,1
DA:829,1
DA:830,1
DA:831,1
DA:833,1
DA:834,0
DA:835,0
DA:838,1
DA:839,0
DA:840,0
DA:843,1
DA:844,1
DA:852,1
DA:862,1
DA:863,1
DA:864,0
DA:865,1
DA:866,0
DA:868,1
DA:869,1
DA:872,0
DA:876,1
DA:877,1
DA:878,1
DA:879,1
DA:880,1
DA:882,0
DA:887,9
DA:888,9
DA:889,9
DA:891,9
DA:892,9
DA:899,1
DA:900,1
DA:901,1
DA:902,1
DA:903,1
DA:906,1
DA:907,0
DA:908,0
DA:909,0
DA:910,0
DA:911,0
DA:913,0
DA:916,1
DA:917,1
DA:920,1
DA:921,0
DA:922,0
DA:923,0
DA:924,0
DA:926,0
DA:928,1
DA:929,0
DA:930,0
DA:931,0
DA:932,0
DA:933,0
DA:935,0
DA:937,1
DA:938,1
DA:939,1
DA:940,1
DA:941,1
DA:942,1
DA:943,1
DA:944,1
DA:945,1
DA:947,0
DA:948,0
DA:950,1
DA:951,1
DA:952,1
DA:955,1
DA:958,0
DA:959,1
DA:960,0
DA:961,0
DA:962,0
DA:963,0
DA:964,0
DA:966,0
DA:968,0
DA:969,1
DA:970,0
DA:971,0
DA:972,0
DA:973,0
DA:974,0
DA:976,0
DA:979,0
DA:980,0
DA:981,0
DA:982,0
DA:983,0
DA:985,0
DA:986,0
DA:987,0
DA:988,0
DA:989,0
DA:990,1
DA:992,0
DA:993,0
DA:995,0
DA:996,0
DA:997,0
DA:1003,5
DA:1016,4
DA:1017,4
DA:1018,4
DA:1022,5
DA:1023,5
DA:1024,5
DA:1025,5
DA:1028,0
DA:1029,0
DA:1030,0
DA:1032,0
DA:1033,0
DA:1034,0
DA:1035,0
DA:1036,0
DA:1037,0
DA:1038,0
DA:1039,0
DA:1041,0
DA:1042,0
DA:1047,1
DA:1048,1
DA:1049,0
DA:1050,0
DA:1053,1
DA:1055,2
DA:1058,1
DA:1059,1
DA:1060,1
DA:1061,1
DA:1062,0
DA:1064,1
DA:1067,1
DA:1068,1
DA:1069,1
DA:1070,1
DA:1071,1
DA:1073,0
DA:1078,6
DA:1079,6
DA:1080,6
DA:1081,5
DA:1082,5
DA:1085,1
DA:1086,1
DA:1087,1
DA:1089,1
DA:1090,1
DA:1091,1
DA:1092,1
DA:1093,1
DA:1094,1
DA:1095,1
DA:1096,1
DA:1098,1
DA:1099,1
DA:1100,1
DA:1101,1
DA:1102,1
DA:1103,1
DA:1104,1
DA:1105,1
DA:1106,1
DA:1107,1
DA:1109,0
DA:1113,1
DA:1114,1
DA:1115,1
DA:1120,0
DA:1121,0
DA:1122,0
DA:1123,0
DA:1126,0
DA:1154,0
DA:1155,0
DA:1157,0
DA:1158,0
DA:1159,0
DA:1161,0
DA:1166,8
DA:1167,8
DA:1168,8
DA:1169,8
DA:1170,8
DA:1171,8
DA:1172,8
DA:1173,8
DA:1174,8
DA:1175,8
DA:1176,8
DA:1177,8
DA:1178,8
DA:1179,8
DA:1180,8
DA:1181,8
DA:1182,8
DA:1183,8
DA:1184,8
DA:1185,8
DA:1186,8
DA:1187,8
DA:1191,4
DA:1192,4
DA:1193,4
DA:1194,4
DA:1195,4
DA:1198,0
DA:1199,0
DA:1200,0
DA:1202,0
DA:1203,0
DA:1204,0
DA:1205,0
DA:1206,0
DA:1207,0
DA:1208,0
DA:1209,0
DA:1211,0
DA:1212,0
DA:1213,0
DA:1215,0
DA:1216,0
DA:1217,0
DA:1222,4
DA:1223,4
DA:1224,4
DA:1225,4
DA:1228,0
DA:1229,0
DA:1230,0
DA:1232,0
DA:1233,0
DA:1234,0
DA:1235,0
DA:1236,0
DA:1237,0
DA:1238,0
DA:1239,0
DA:1241,0
DA:1242,0
DA:1243,0
DA:1245,0
DA:1246,0
DA:1247,0
DA:1252,4
DA:1253,4
DA:1254,4
DA:1255,4
DA:1258,0
DA:1259,0
DA:1260,0
DA:1261,0
DA:1262,0
DA:1263,0
DA:1264,0
DA:1266,0
DA:1269,0
DA:1270,0
DA:1271,0
DA:1278,0
DA:1279,0
DA:1280,0
DA:1282,0
DA:1283,0
DA:1288,0
DA:1289,0
DA:1290,0
DA:1291,0
DA:1292,0
DA:1293,0
DA:1295,0
DA:1297,0
DA:1302,4
DA:1303,4
DA:1305,4
DA:1312,4
DA:1313,16
DA:1314,16
DA:1315,16
DA:1316,16
DA:1317,16
DA:1318,16
DA:1319,16
DA:1320,16
DA:1321,16
DA:1322,16
DA:1323,16
DA:1324,0
DA:1325,0
DA:1326,0
DA:1327,0
DA:1329,16
DA:1332,4
DA:1339,4
DA:1340,0
DA:1343,4
DA:1344,16
DA:1345,16
DA:1346,16
DA:1347,16
DA:1348,16
DA:1349,16
DA:1350,16
DA:1351,16
DA:1352,16
DA:1357,13
DA:1358,13
DA:1359,13
DA:1360,8
DA:1361,5
DA:1362,1
DA:1367,8
DA:1368,8
DA:1369,8
DA:1370,8
DA:1371,8
DA:1373,8
DA:1374,8
DA:1375,8
DA:1376,8
DA:1380,0
DA:1381,0
DA:1382,0
DA:1386,0
DA:1387,0
LF:527
LH:322
BRDA:120,0,0,4
BRDA:120,0,1,2
BRDA:121,1,0,4
BRDA:121,1,1,3
BRDA:122,2,0,4
BRDA:122,2,1,4
BRDA:127,3,0,0
BRDA:127,3,1,0
BRDA:142,4,0,0
BRDA:142,4,1,4
BRDA:150,5,0,0
BRDA:150,5,1,4
BRDA:164,6,0,0
BRDA:164,6,1,0
BRDA:168,7,0,0
BRDA:168,7,1,0
BRDA:168,8,0,0
BRDA:168,8,1,0
BRDA:648,9,0,1
BRDA:648,9,1,1
BRDA:648,10,0,2
BRDA:648,10,1,1
BRDA:650,11,0,0
BRDA:650,11,1,1
BRDA:656,12,0,0
BRDA:656,12,1,1
BRDA:664,13,0,0
BRDA:664,13,1,0
BRDA:704,14,0,0
BRDA:704,14,1,0
BRDA:704,14,2,0
BRDA:704,14,3,0
BRDA:704,14,4,1
BRDA:704,14,5,0
BRDA:731,15,0,0
BRDA:731,15,1,1
BRDA:733,16,0,0
BRDA:733,16,1,1
BRDA:760,17,0,4
BRDA:760,17,1,0
BRDA:768,18,0,4
BRDA:768,18,1,0
BRDA:772,19,0,4
BRDA:772,19,1,0
BRDA:778,20,0,4
BRDA:778,20,1,0
BRDA:782,21,0,4
BRDA:782,21,1,0
BRDA:788,22,0,4
BRDA:788,22,1,0
BRDA:789,23,0,4
BRDA:789,23,1,4
BRDA:793,24,0,4
BRDA:793,24,1,0
BRDA:800,25,0,0
BRDA:800,25,1,0
BRDA:807,26,0,0
BRDA:807,26,1,0
BRDA:818,27,0,0
BRDA:818,27,1,0
BRDA:827,28,0,1
BRDA:827,28,1,0
BRDA:828,29,0,1
BRDA:828,29,1,0
BRDA:829,30,0,1
BRDA:829,30,1,0
BRDA:830,31,0,1
BRDA:830,31,1,0
BRDA:831,32,0,1
BRDA:831,32,1,0
BRDA:833,33,0,0
BRDA:833,33,1,1
BRDA:833,34,0,1
BRDA:833,34,1,1
BRDA:838,35,0,0
BRDA:838,35,1,1
BRDA:838,36,0,1
BRDA:838,36,1,1
BRDA:847,37,0,1
BRDA:847,37,1,0
BRDA:849,38,0,1
BRDA:849,38,1,0
BRDA:857,39,0,1
BRDA:857,39,1,0
BRDA:862,40,0,1
BRDA:862,40,1,0
BRDA:863,41,0,0
BRDA:863,41,1,1
BRDA:865,42,0,0
BRDA:865,42,1,1
BRDA:865,43,0,1
BRDA:865,43,1,1
BRDA:869,44,0,1
BRDA:869,44,1,0
BRDA:888,45,0,9
BRDA:888,45,1,0
BRDA:891,46,0,9
BRDA:891,46,1,0
BRDA:892,47,0,8
BRDA:892,47,1,1
BRDA:900,48,0,0
BRDA:900,48,1,1
BRDA:902,49,0,1
BRDA:902,49,1,0
BRDA:906,50,0,0
BRDA:906,50,1,1
BRDA:910,51,0,0
BRDA:910,51,1,0
BRDA:916,52,0,1
BRDA:916,52,1,0
BRDA:920,53,0,0
BRDA:920,53,1,1
BRDA:923,54,0,0
BRDA:923,54,1,0
BRDA:928,55,0,0
BRDA:928,55,1,1
BRDA:932,56,0,0
BRDA:932,56,1,0
BRDA:951,57,0,1
BRDA:951,57,1,0
BRDA:958,58,0,0
BRDA:958,58,1,0
BRDA:959,59,0,0
BRDA:959,59,1,1
BRDA:963,60,0,0
BRDA:963,60,1,0
BRDA:968,61,0,0
BRDA:968,61,1,0
BRDA:969,62,0,0
BRDA:969,62,1,1
BRDA:973,63,0,0
BRDA:973,63,1,0
BRDA:996,64,0,0
BRDA:996,64,1,0
BRDA:1017,65,0,4
BRDA:1017,65,1,0
BRDA:1023,66,0,5
BRDA:1023,66,1,0
BRDA:1023,67,0,5
BRDA:1023,67,1,5
BRDA:1036,68,0,0
BRDA:1036,68,1,0
BRDA:1048,69,0,0
BRDA:1048,69,1,1
BRDA:1061,70,0,0
BRDA:1061,70,1,1
BRDA:1080,71,0,5
BRDA:1080,71,1,1
BRDA:1080,72,0,6
BRDA:1080,72,1,6
BRDA:1093,73,0,1
BRDA:1093,73,1,0
BRDA:1121,74,0,0
BRDA:1121,74,1,0
BRDA:1121,75,0,0
BRDA:1121,75,1,0
BRDA:1155,76,0,0
BRDA:1155,76,1,0
BRDA:1166,77,0,8
BRDA:1166,77,1,0
BRDA:1192,78,0,4
BRDA:1192,78,1,0
BRDA:1193,79,0,4
BRDA:1193,79,1,0
BRDA:1223,80,0,4
BRDA:1223,80,1,0
BRDA:1223,81,0,4
BRDA:1223,81,1,4
BRDA:1234,82,0,0
BRDA:1234,82,1,0
BRDA:1243,83,0,0
BRDA:1243,83,1,0
BRDA:1253,84,0,4
BRDA:1253,84,1,0
BRDA:1253,85,0,4
BRDA:1253,85,1,4
BRDA:1270,86,0,0
BRDA:1270,86,1,0
BRDA:1280,87,0,0
BRDA:1280,87,1,0
BRDA:1290,88,0,0
BRDA:1290,88,1,0
BRDA:1291,89,0,0
BRDA:1291,89,1,0
BRDA:1309,90,0,0
BRDA:1309,90,1,4
BRDA:1323,91,0,0
BRDA:1323,91,1,16
BRDA:1333,92,0,0
BRDA:1333,92,1,4
BRDA:1334,93,0,4
BRDA:1334,93,1,0
BRDA:1335,94,0,4
BRDA:1335,94,1,4
BRDA:1336,95,0,4
BRDA:1336,95,1,4
BRDA:1339,96,0,0
BRDA:1339,96,1,4
BRDA:1356,97,0,13
BRDA:1359,98,0,8
BRDA:1359,98,1,5
BRDA:1361,99,0,1
BRDA:1361,99,1,4
BRDA:1373,100,0,0
BRDA:1373,100,1,8
BRDA:1374,101,0,0
BRDA:1374,101,1,8
BRDA:1375,102,0,0
BRDA:1375,102,1,8
BRDA:1381,103,0,0
BRDA:1381,103,1,0
BRDA:1386,104,0,0
BRDA:1386,104,1,0
BRF:213
BRH:96
end_of_record
TN:
SF:src/shared/providerDefaults.ts
FN:44,getProviderDefaults
FN:49,providerRequiresApiKey
FN:53,applyProviderDefaults
FNF:3
FNH:3
FNDA:25,getProviderDefaults
FNDA:7,providerRequiresApiKey
FNDA:18,applyProviderDefaults
DA:16,5
DA:45,25
DA:46,25
DA:50,7
DA:58,18
DA:59,18
DA:61,18
DA:62,18
DA:63,18
DA:66,18
DA:67,18
DA:68,18
DA:70,18
LF:13
LH:13
BRDA:45,0,0,0
BRDA:45,0,1,25
BRDA:46,1,0,25
BRDA:46,1,1,0
BRDA:50,2,0,7
BRDA:50,2,1,0
BRDA:59,3,0,0
BRDA:59,3,1,18
BRDA:61,4,0,18
BRDA:61,4,1,0
BRDA:62,5,0,18
BRDA:62,5,1,0
BRDA:62,6,0,18
BRDA:62,6,1,0
BRF:14
BRH:7
end_of_record
TN:
SF:src/tabs/TabBar.ts
FN:8,(anonymous_0)
FN:13,(anonymous_1)
FN:21,(anonymous_2)
FN:27,(anonymous_3)
FN:52,(anonymous_4)
FN:59,(anonymous_5)
FN:73,(anonymous_6)
FNF:7
FNH:6
FNDA:2,(anonymous_0)
FNDA:1,(anonymous_1)
FNDA:0,(anonymous_2)
FNDA:3,(anonymous_3)
FNDA:1,(anonymous_4)
FNDA:1,(anonymous_5)
FNDA:1,(anonymous_6)
DA:6,2
DA:9,2
DA:10,2
DA:13,2
DA:14,1
DA:18,2
DA:22,0
DA:23,0
DA:24,0
DA:29,3
DA:32,3
DA:33,3
DA:35,3
DA:36,5
DA:37,5
DA:38,5
DA:41,5
DA:43,5
DA:44,5
DA:45,5
DA:46,5
DA:48,5
DA:49,5
DA:50,5
DA:51,5
DA:52,5
DA:53,1
DA:54,1
DA:55,1
DA:57,5
DA:59,5
DA:60,1
DA:61,1
DA:64,5
DA:68,3
DA:69,3
DA:70,3
DA:71,3
DA:72,3
DA:73,3
DA:74,1
DA:75,1
DA:77,3
DA:79,3
LF:44
LH:41
BRDA:22,0,0,0
BRDA:22,0,1,0
BRDA:37,1,0,3
BRDA:37,1,1,2
BRDA:45,2,0,5
BRDA:45,2,1,0
BRDA:54,3,0,0
BRDA:54,3,1,1
BRDA:60,4,0,0
BRDA:60,4,1,1
BRDA:74,5,0,0
BRDA:74,5,1,1
BRF:12
BRH:6
end_of_record
TN:
SF:src/tabs/TabManager.ts
FN:14,(anonymous_0)
FN:19,(anonymous_1)
FN:20,(anonymous_2)
FN:30,(anonymous_3)
FN:45,(anonymous_4)
FN:54,(anonymous_5)
FN:58,(anonymous_6)
FN:65,(anonymous_7)
FN:69,(anonymous_8)
FN:73,(anonymous_9)
FN:78,(anonymous_10)
FN:82,(anonymous_11)
FN:97,(anonymous_12)
FN:109,(anonymous_13)
FN:116,(anonymous_14)
FN:133,(anonymous_15)
FN:145,(anonymous_16)
FN:157,(anonymous_17)
FN:174,(anonymous_18)
FN:178,(anonymous_19)
FN:183,(anonymous_20)
FN:188,(anonymous_21)
FNF:22
FNH:16
FNDA:10,(anonymous_0)
FNDA:0,(anonymous_1)
FNDA:0,(anonymous_2)
FNDA:0,(anonymous_3)
FNDA:0,(anonymous_4)
FNDA:1,(anonymous_5)
FNDA:23,(anonymous_6)
FNDA:3,(anonymous_7)
FNDA:6,(anonymous_8)
FNDA:8,(anonymous_9)
FNDA:0,(anonymous_10)
FNDA:11,(anonymous_11)
FNDA:2,(anonymous_12)
FNDA:1,(anonymous_13)
FNDA:6,(anonymous_14)
FNDA:2,(anonymous_15)
FNDA:1,(anonymous_16)
FNDA:0,(anonymous_17)
FNDA:1,(anonymous_18)
FNDA:2,(anonymous_19)
FNDA:2,(anonymous_20)
FNDA:6,(anonymous_21)
DA:15,10
DA:16,10
DA:17,10
DA:20,0
DA:21,0
DA:22,0
DA:23,0
DA:24,0
DA:25,0
DA:26,0
DA:30,0
DA:31,0
DA:32,0
DA:33,0
DA:34,0
DA:36,0
DA:37,0
DA:38,0
DA:40,0
DA:46,0
DA:47,0
DA:48,0
DA:50,0
DA:55,1
DA:59,23
DA:60,23
DA:61,1
DA:66,3
DA:70,6
DA:74,8
DA:75,8
DA:79,0
DA:83,11
DA:84,11
DA:91,11
DA:92,11
DA:93,11
DA:94,11
DA:98,2
DA:99,2
DA:101,2
DA:102,2
DA:103,2
DA:106,2
DA:110,1
DA:111,1
DA:112,1
DA:113,1
DA:117,6
DA:118,6
DA:119,6
DA:121,6
DA:122,6
DA:123,6
DA:126,6
DA:127,6
DA:128,6
DA:130,6
DA:134,2
DA:135,2
DA:136,2
DA:138,2
DA:139,2
DA:140,2
DA:141,2
DA:142,2
DA:146,1
DA:147,1
DA:148,1
DA:150,1
DA:151,1
DA:152,1
DA:153,1
DA:154,1
DA:158,0
DA:159,0
DA:160,0
DA:163,0
DA:164,0
DA:165,0
DA:167,0
DA:168,0
DA:169,0
DA:171,0
DA:175,1
DA:179,2
DA:180,2
DA:184,2
DA:185,2
DA:189,6
DA:191,6
DA:192,4
DA:195,2
DA:196,1
DA:199,1
LF:95
LH:64
BRDA:23,0,0,0
BRDA:23,0,1,0
BRDA:33,1,0,0
BRDA:33,1,1,0
BRDA:36,2,0,0
BRDA:36,2,1,0
BRDA:48,3,0,0
BRDA:48,3,1,0
BRDA:50,4,0,0
BRDA:50,4,1,0
BRDA:74,5,0,0
BRDA:74,5,1,8
BRDA:82,6,0,11
BRDA:101,7,0,2
BRDA:101,7,1,0
BRDA:103,8,0,1
BRDA:103,8,1,1
BRDA:110,9,0,0
BRDA:110,9,1,1
BRDA:117,10,0,0
BRDA:117,10,1,6
BRDA:119,11,0,0
BRDA:119,11,1,6
BRDA:134,12,0,0
BRDA:134,12,1,2
BRDA:136,13,0,0
BRDA:136,13,1,2
BRDA:136,14,0,2
BRDA:136,14,1,2
BRDA:146,15,0,0
BRDA:146,15,1,1
BRDA:148,16,0,0
BRDA:148,16,1,1
BRDA:148,17,0,1
BRDA:148,17,1,1
BRDA:159,18,0,0
BRDA:159,18,1,0
BRDA:180,19,0,2
BRDA:180,19,1,2
BRDA:185,20,0,2
BRDA:185,20,1,2
BRDA:191,21,0,4
BRDA:191,21,1,2
BRDA:195,22,0,1
BRDA:195,22,1,1
BRF:45
BRH:24
end_of_record
TN:
SF:src/ui/Combobox.ts
FN:20,(anonymous_0)
FN:54,(anonymous_1)
FN:57,(anonymous_2)
FN:62,(anonymous_3)
FN:66,(anonymous_4)
FN:70,(anonymous_5)
FN:79,(anonymous_6)
FN:83,(anonymous_7)
FN:87,(anonymous_8)
FN:91,(anonymous_9)
FN:96,(anonymous_10)
FNF:11
FNH:4
FNDA:13,(anonymous_0)
FNDA:0,(anonymous_1)
FNDA:0,(anonymous_2)
FNDA:13,(anonymous_3)
FNDA:13,(anonymous_4)
FNDA:30,(anonymous_5)
FNDA:0,(anonymous_6)
FNDA:0,(anonymous_7)
FNDA:0,(anonymous_8)
FNDA:0,(anonymous_9)
FNDA:0,(anonymous_10)
DA:1,5
DA:21,13
DA:22,13
DA:23,13
DA:24,13
DA:27,13
DA:28,13
DA:29,13
DA:30,13
DA:31,13
DA:32,13
DA:33,13
DA:34,13
DA:36,13
DA:37,13
DA:38,13
DA:39,13
DA:41,13
DA:42,13
DA:43,13
DA:45,13
DA:46,13
DA:47,13
DA:49,13
DA:50,13
DA:51,0
DA:54,13
DA:55,0
DA:57,13
DA:58,0
DA:63,13
DA:67,13
DA:71,30
DA:72,30
DA:73,118
DA:74,118
DA:75,118
DA:80,0
DA:84,0
DA:88,0
DA:92,0
DA:93,0
DA:97,0
LF:43
LH:34
BRDA:23,0,0,13
BRDA:23,0,1,0
BRDA:30,1,0,4
BRDA:30,1,1,9
BRDA:31,2,0,13
BRDA:31,2,1,0
BRDA:32,3,0,13
BRDA:32,3,1,0
BRDA:33,4,0,4
BRDA:33,4,1,9
BRDA:34,5,0,0
BRDA:34,5,1,13
BRDA:50,6,0,0
BRDA:50,6,1,13
BRF:14
BRH:9
end_of_record
TN:
SF:src/ui/Dropdown.ts
FN:21,(anonymous_0)
FN:47,(anonymous_1)
FN:50,(anonymous_2)
FN:55,(anonymous_3)
FN:59,(anonymous_4)
FN:63,(anonymous_5)
FN:72,(anonymous_6)
FN:77,(anonymous_7)
FN:81,(anonymous_8)
FN:85,(anonymous_9)
FN:89,(anonymous_10)
FN:94,(anonymous_11)
FNF:12
FNH:4
FNDA:32,(anonymous_0)
FNDA:0,(anonymous_1)
FNDA:0,(anonymous_2)
FNDA:32,(anonymous_3)
FNDA:47,(anonymous_4)
FNDA:32,(anonymous_5)
FNDA:0,(anonymous_6)
FNDA:0,(anonymous_7)
FNDA:0,(anonymous_8)
FNDA:0,(anonymous_9)
FNDA:0,(anonymous_10)
FNDA:0,(anonymous_11)
DA:22,32
DA:23,32
DA:24,32
DA:25,32
DA:28,32
DA:29,32
DA:30,32
DA:31,32
DA:32,32
DA:33,32
DA:35,32
DA:36,32
DA:37,32
DA:39,32
DA:40,32
DA:42,32
DA:43,32
DA:44,0
DA:47,32
DA:48,0
DA:50,32
DA:51,0
DA:56,32
DA:60,47
DA:64,32
DA:65,32
DA:66,32
DA:67,122
DA:68,122
DA:69,122
DA:70,122
DA:72,32
DA:73,0
DA:78,0
DA:82,0
DA:86,0
DA:90,0
DA:91,0
DA:95,0
LF:39
LH:29
BRDA:24,0,0,32
BRDA:24,0,1,0
BRDA:30,1,0,8
BRDA:30,1,1,24
BRDA:31,2,0,32
BRDA:31,2,1,0
BRDA:32,3,0,4
BRDA:32,3,1,28
BRDA:33,4,0,0
BRDA:33,4,1,32
BRDA:43,5,0,0
BRDA:43,5,1,32
BRDA:72,6,0,0
BRDA:72,6,1,32
BRDA:72,7,0,32
BRDA:72,7,1,0
BRF:16
BRH:10
end_of_record
TN:
SF:src/ui/MatrixBackground.ts
FN:39,(anonymous_0)
FN:51,(anonymous_1)
FN:55,(anonymous_2)
FN:68,(anonymous_3)
FN:71,(anonymous_4)
FN:81,(anonymous_5)
FN:87,(anonymous_6)
FN:90,(anonymous_7)
FN:99,(anonymous_8)
FN:131,(anonymous_9)
FN:161,(anonymous_10)
FN:163,(anonymous_11)
FN:166,(anonymous_12)
FN:188,(anonymous_13)
FN:211,(anonymous_14)
FNF:15
FNH:3
FNDA:8,(anonymous_0)
FNDA:0,(anonymous_1)
FNDA:9,(anonymous_2)
FNDA:0,(anonymous_3)
FNDA:6,(anonymous_4)
FNDA:0,(anonymous_5)
FNDA:0,(anonymous_6)
FNDA:0,(anonymous_7)
FNDA:0,(anonymous_8)
FNDA:0,(anonymous_9)
FNDA:0,(anonymous_10)
FNDA:0,(anonymous_11)
FNDA:0,(anonymous_12)
FNDA:0,(anonymous_13)
FNDA:0,(anonymous_14)
DA:9,2
DA:10,2
DA:11,2
DA:13,2
DA:19,8
DA:20,8
DA:21,8
DA:22,8
DA:23,8
DA:24,8
DA:25,8
DA:26,8
DA:27,8
DA:28,8
DA:29,8
DA:30,8
DA:31,8
DA:32,8
DA:40,8
DA:41,8
DA:44,8
DA:45,8
DA:46,8
DA:47,8
DA:48,8
DA:49,8
DA:50,8
DA:51,0
DA:56,9
DA:57,0
DA:58,0
DA:59,0
DA:60,0
DA:62,9
DA:63,0
DA:64,0
DA:67,0
DA:68,0
DA:72,6
DA:73,0
DA:74,0
DA:75,0
DA:76,0
DA:78,0
DA:82,0
DA:83,0
DA:84,0
DA:85,0
DA:87,0
DA:91,0
DA:92,0
DA:100,0
DA:101,0
DA:103,0
DA:104,0
DA:105,0
DA:106,0
DA:107,0
DA:108,0
DA:109,0
DA:111,0
DA:112,0
DA:113,0
DA:114,0
DA:115,0
DA:119,0
DA:120,0
DA:121,0
DA:128,0
DA:132,0
DA:133,0
DA:134,0
DA:135,0
DA:136,0
DA:138,0
DA:139,0
DA:140,0
DA:141,0
DA:142,0
DA:143,0
DA:145,0
DA:146,0
DA:147,0
DA:148,0
DA:150,0
DA:151,0
DA:152,0
DA:154,0
DA:155,0
DA:156,0
DA:157,0
DA:162,0
DA:163,0
DA:167,0
DA:168,0
DA:169,0
DA:171,0
DA:172,0
DA:173,0
DA:174,0
DA:175,0
DA:176,0
DA:177,0
DA:178,0
DA:180,0
DA:181,0
DA:183,0
DA:189,0
DA:190,0
DA:191,0
DA:193,0
DA:194,0
DA:196,0
DA:197,0
DA:198,0
DA:199,0
DA:200,0
DA:201,0
DA:202,0
DA:203,0
DA:204,0
DA:205,0
DA:206,0
DA:212,0
LF:124
LH:30
BRDA:41,0,0,0
BRDA:41,0,1,8
BRDA:41,1,0,8
BRDA:41,1,1,8
BRDA:50,2,0,0
BRDA:50,2,1,8
BRDA:56,3,0,9
BRDA:56,3,1,0
BRDA:56,4,0,9
BRDA:56,4,1,0
BRDA:62,5,0,0
BRDA:62,5,1,9
BRDA:72,6,0,6
BRDA:72,6,1,0
BRDA:74,7,0,0
BRDA:74,7,1,0
BRDA:82,8,0,0
BRDA:82,8,1,0
BRDA:83,9,0,0
BRDA:83,9,1,0
BRDA:101,10,0,0
BRDA:101,10,1,0
BRDA:103,11,0,0
BRDA:103,11,1,0
BRDA:105,12,0,0
BRDA:105,12,1,0
BRDA:111,13,0,0
BRDA:111,13,1,0
BRDA:120,14,0,0
BRDA:120,14,1,0
BRDA:132,15,0,0
BRDA:132,15,1,0
BRDA:136,16,0,0
BRDA:136,16,1,0
BRDA:154,17,0,0
BRDA:154,17,1,0
BRDA:156,18,0,0
BRDA:156,18,1,0
BRDA:167,19,0,0
BRDA:167,19,1,0
BRDA:176,20,0,0
BRDA:176,20,1,0
BRDA:177,21,0,0
BRDA:177,21,1,0
BRDA:180,22,0,0
BRDA:180,22,1,0
BRDA:180,23,0,0
BRDA:180,23,1,0
BRDA:189,24,0,0
BRDA:189,24,1,0
BRDA:202,25,0,0
BRDA:202,25,1,0
BRDA:205,26,0,0
BRDA:205,26,1,0
BRF:54
BRH:8
end_of_record
TN:
SF:src/vault/Vault.ts
FN:20,(anonymous_0)
FN:24,(anonymous_1)
FN:28,(anonymous_2)
FN:32,(anonymous_3)
FN:66,(anonymous_4)
FN:75,(anonymous_5)
FN:81,(anonymous_6)
FN:87,(anonymous_7)
FN:106,(anonymous_8)
FN:121,(anonymous_9)
FN:138,(anonymous_10)
FN:147,(anonymous_11)
FN:152,(anonymous_12)
FN:156,(anonymous_13)
FN:179,(anonymous_14)
FN:185,(anonymous_15)
FN:188,(anonymous_16)
FN:194,(anonymous_17)
FN:201,(anonymous_18)
FN:209,(anonymous_19)
FNF:20
FNH:19
FNDA:15,(anonymous_0)
FNDA:9,(anonymous_1)
FNDA:2,(anonymous_2)
FNDA:11,(anonymous_3)
FNDA:4,(anonymous_4)
FNDA:6,(anonymous_5)
FNDA:4,(anonymous_6)
FNDA:4,(anonymous_7)
FNDA:1,(anonymous_8)
FNDA:2,(anonymous_9)
FNDA:0,(anonymous_10)
FNDA:2,(anonymous_11)
FNDA:2,(anonymous_12)
FNDA:11,(anonymous_13)
FNDA:17,(anonymous_14)
FNDA:18,(anonymous_15)
FNDA:2,(anonymous_16)
FNDA:22,(anonymous_17)
FNDA:6,(anonymous_18)
FNDA:6,(anonymous_19)
DA:1,1
DA:2,1
DA:3,1
DA:4,1
DA:12,15
DA:13,15
DA:14,15
DA:15,15
DA:17,15
DA:18,15
DA:21,15
DA:25,9
DA:29,2
DA:33,11
DA:34,2
DA:35,2
DA:36,2
DA:39,2
DA:40,2
DA:41,3
DA:42,3
DA:43,3
DA:44,3
DA:49,2
DA:53,1
DA:54,1
DA:55,1
DA:58,9
DA:59,9
DA:60,9
DA:63,10
DA:67,4
DA:68,4
DA:69,4
DA:70,4
DA:71,2
DA:76,6
DA:77,6
DA:78,6
DA:82,4
DA:83,4
DA:84,4
DA:88,4
DA:89,4
DA:90,4
DA:92,4
DA:99,4
DA:100,4
DA:101,4
DA:103,4
DA:107,1
DA:108,1
DA:109,1
DA:110,1
DA:112,1
DA:118,1
DA:122,2
DA:123,2
DA:124,2
DA:125,3
DA:128,2
DA:133,2
DA:134,2
DA:135,2
DA:139,0
DA:140,0
DA:141,0
DA:142,0
DA:144,0
DA:148,2
DA:149,1
DA:153,2
DA:157,11
DA:165,11
DA:180,17
DA:181,2
DA:186,18
DA:187,18
DA:188,3
DA:189,2
DA:195,22
DA:196,3
DA:197,3
DA:202,6
DA:203,6
DA:204,171
DA:206,6
DA:210,6
DA:211,6
DA:212,6
DA:213,171
DA:215,6
LF:92
LH:87
BRDA:20,0,0,15
BRDA:33,1,0,2
BRDA:33,1,1,9
BRDA:180,2,0,2
BRDA:180,2,1,15
BRDA:187,3,0,3
BRDA:187,3,1,15
BRDA:195,4,0,3
BRDA:195,4,1,19
BRF:9
BRH:9
end_of_record
TN:
SF:src/vault/VaultStore.ts
FN:13,(anonymous_0)
FN:18,(anonymous_1)
FN:22,(anonymous_2)
FN:26,(anonymous_3)
FN:30,(anonymous_4)
FN:34,(anonymous_5)
FN:38,(anonymous_6)
FN:47,(anonymous_7)
FN:53,(anonymous_8)
FN:58,(anonymous_9)
FN:67,(anonymous_10)
FN:78,(anonymous_11)
FN:86,(anonymous_12)
FN:94,(anonymous_13)
FN:101,(anonymous_14)
FNF:15
FNH:0
FNDA:0,(anonymous_0)
FNDA:0,(anonymous_1)
FNDA:0,(anonymous_2)
FNDA:0,(anonymous_3)
FNDA:0,(anonymous_4)
FNDA:0,(anonymous_5)
FNDA:0,(anonymous_6)
FNDA:0,(anonymous_7)
FNDA:0,(anonymous_8)
FNDA:0,(anonymous_9)
FNDA:0,(anonymous_10)
FNDA:0,(anonymous_11)
FNDA:0,(anonymous_12)
FNDA:0,(anonymous_13)
FNDA:0,(anonymous_14)
DA:9,0
DA:11,0
DA:14,0
DA:15,0
DA:19,0
DA:23,0
DA:27,0
DA:31,0
DA:35,0
DA:39,0
DA:40,0
DA:41,0
DA:42,0
DA:44,0
DA:48,0
DA:49,0
DA:50,0
DA:54,0
DA:55,0
DA:59,0
DA:60,0
DA:62,0
DA:63,0
DA:64,0
DA:68,0
DA:69,0
DA:71,0
DA:72,0
DA:73,0
DA:75,0
DA:79,0
DA:80,0
DA:81,0
DA:83,0
DA:87,0
DA:88,0
DA:89,0
DA:91,0
DA:95,0
DA:96,0
DA:98,0
DA:102,0
DA:103,0
DA:104,0
DA:105,0
DA:106,0
DA:107,0
DA:108,0
DA:109,0
DA:110,0
DA:111,0
DA:114,0
DA:116,0
LF:53
LH:0
BRDA:19,0,0,0
BRDA:19,0,1,0
BRDA:40,1,0,0
BRDA:40,1,1,0
BRDA:41,2,0,0
BRDA:41,2,1,0
BRDA:59,3,0,0
BRDA:59,3,1,0
BRDA:68,4,0,0
BRDA:68,4,1,0
BRDA:87,5,0,0
BRDA:87,5,1,0
BRDA:95,6,0,0
BRDA:95,6,1,0
BRDA:102,7,0,0
BRDA:102,7,1,0
BRDA:105,8,0,0
BRDA:105,8,1,0
BRDA:105,9,0,0
BRDA:105,9,1,0
BRDA:105,9,2,0
BRDA:107,10,0,0
BRDA:107,10,1,0
BRDA:107,11,0,0
BRDA:107,11,1,0
BRDA:107,11,2,0
BRDA:110,12,0,0
BRDA:110,12,1,0
BRF:28
BRH:0
end_of_record
TN:
SF:src/vault/VaultUI.ts
FN:18,(anonymous_0)
FN:26,(anonymous_1)
FN:32,(anonymous_2)
FN:36,(anonymous_3)
FN:40,(anonymous_4)
FN:45,(anonymous_5)
FN:58,(anonymous_6)
FN:63,(anonymous_7)
FN:90,(anonymous_8)
FN:100,(anonymous_9)
FN:108,(anonymous_10)
FN:126,(anonymous_11)
FN:130,(anonymous_12)
FN:150,(anonymous_13)
FNF:14
FNH:10
FNDA:5,(anonymous_0)
FNDA:1,(anonymous_1)
FNDA:1,(anonymous_2)
FNDA:0,(anonymous_3)
FNDA:0,(anonymous_4)
FNDA:6,(anonymous_5)
FNDA:3,(anonymous_6)
FNDA:5,(anonymous_7)
FNDA:0,(anonymous_8)
FNDA:4,(anonymous_9)
FNDA:0,(anonymous_10)
FNDA:1,(anonymous_11)
FNDA:11,(anonymous_12)
FNDA:4,(anonymous_13)
DA:13,5
DA:14,5
DA:15,5
DA:16,5
DA:19,5
DA:20,5
DA:21,5
DA:22,5
DA:25,5
DA:26,5
DA:27,1
DA:33,1
DA:37,0
DA:41,0
DA:42,0
DA:46,6
DA:47,6
DA:48,6
DA:49,6
DA:50,6
DA:51,6
DA:52,6
DA:53,0
DA:54,0
DA:59,3
DA:60,3
DA:64,5
DA:65,5
DA:67,5
DA:68,5
DA:70,5
DA:71,5
DA:72,5
DA:73,5
DA:75,5
DA:76,5
DA:77,5
DA:78,5
DA:80,5
DA:81,5
DA:82,5
DA:83,5
DA:85,5
DA:86,5
DA:87,5
DA:88,5
DA:89,5
DA:90,5
DA:91,0
DA:92,0
DA:95,5
DA:97,5
DA:98,5
DA:99,5
DA:100,5
DA:101,4
DA:103,5
DA:105,5
DA:106,5
DA:107,5
DA:108,5
DA:109,0
DA:110,0
DA:112,0
DA:115,5
DA:117,5
DA:118,5
DA:119,5
DA:121,5
DA:122,5
DA:123,5
DA:127,1
DA:131,11
DA:132,0
DA:135,11
DA:136,0
DA:137,0
DA:138,0
DA:139,0
DA:140,0
DA:141,0
DA:144,11
DA:145,11
DA:146,11
DA:147,11
DA:151,4
DA:152,0
DA:153,0
DA:156,4
DA:157,4
DA:158,1
DA:159,1
DA:162,3
DA:163,3
DA:164,4
DA:165,1
DA:167,2
DA:169,2
DA:170,2
DA:171,1
DA:174,1
DA:175,1
DA:176,1
LF:103
LH:84
BRDA:25,0,0,5
BRDA:25,0,1,0
BRDA:51,1,0,6
BRDA:51,1,1,0
BRDA:53,2,0,0
BRDA:53,2,1,0
BRDA:91,3,0,0
BRDA:91,3,1,0
BRDA:109,4,0,0
BRDA:109,4,1,0
BRDA:131,5,0,0
BRDA:131,5,1,11
BRDA:131,6,0,11
BRDA:131,6,1,11
BRDA:131,6,2,11
BRDA:131,6,3,11
BRDA:131,6,4,11
BRDA:135,7,0,0
BRDA:135,7,1,11
BRDA:151,8,0,0
BRDA:151,8,1,4
BRDA:157,9,0,1
BRDA:157,9,1,3
BRDA:163,10,0,3
BRDA:163,10,1,2
BRDA:164,11,0,1
BRDA:164,11,1,2
BRDA:170,12,0,1
BRDA:170,12,1,1
BRF:29
BRH:18
end_of_record
TN:
SF:src/voice/VoiceInput.ts
FN:48,(anonymous_0)
FN:59,(anonymous_1)
FN:66,(anonymous_2)
FN:70,(anonymous_3)
FN:74,(anonymous_4)
FN:82,(anonymous_5)
FN:94,(anonymous_6)
FN:104,(anonymous_7)
FN:108,(anonymous_8)
FN:116,(anonymous_9)
FN:124,(anonymous_10)
FNF:11
FNH:10
FNDA:3,(anonymous_0)
FNDA:0,(anonymous_1)
FNDA:1,(anonymous_2)
FNDA:7,(anonymous_3)
FNDA:1,(anonymous_4)
FNDA:3,(anonymous_5)
FNDA:1,(anonymous_6)
FNDA:1,(anonymous_7)
FNDA:1,(anonymous_8)
FNDA:1,(anonymous_9)
FNDA:6,(anonymous_10)
DA:43,3
DA:44,3
DA:46,3
DA:49,3
DA:50,3
DA:51,3
DA:52,3
DA:54,3
DA:55,1
DA:56,1
DA:59,3
DA:60,0
DA:63,3
DA:67,1
DA:71,7
DA:75,1
DA:76,1
DA:78,0
DA:83,3
DA:85,3
DA:87,3
DA:89,3
DA:90,3
DA:91,3
DA:92,3
DA:94,3
DA:95,1
DA:96,1
DA:97,1
DA:98,1
DA:99,1
DA:104,3
DA:105,1
DA:108,3
DA:109,1
DA:112,3
DA:113,3
DA:117,1
DA:118,1
DA:119,1
DA:121,1
DA:125,6
DA:126,6
LF:43
LH:41
BRDA:54,0,0,1
BRDA:54,0,1,2
BRDA:71,1,0,7
BRDA:71,1,1,7
BRDA:75,2,0,1
BRDA:75,2,1,0
BRDA:83,3,0,0
BRDA:83,3,1,3
BRDA:83,4,0,3
BRDA:83,4,1,3
BRDA:85,5,0,3
BRDA:85,5,1,0
BRDA:87,6,0,0
BRDA:87,6,1,3
BRDA:96,7,0,1
BRDA:96,7,1,0
BRDA:96,8,0,1
BRDA:96,8,1,1
BRDA:98,9,0,1
BRDA:98,9,1,0
BRDA:98,10,0,1
BRDA:98,10,1,1
BRDA:117,11,0,1
BRDA:117,11,1,0
BRF:24
BRH:17
end_of_record
